# JRE version: Java(TM) SE Runtime Environment (8.0_74-b02) (build 1.8.0_74-b02)
# Java VM: Java HotSpot(TM) 64-Bit Server VM (25.74-b02 mixed mode linux-amd64 compressed oops)
Heap:
 PSYoungGen      total 228864K, used 11264K [0x00000000eab00000, 0x00000000ffc00000, 0x0000000100000000)
  eden space 116736K, 0% used [0x00000000eab00000,0x00000000eab00000,0x00000000f1d00000)
  from space 112128K, 10% used [0x00000000f8e80000,0x00000000f9980310,0x00000000ffc00000)
  to   space 114176K, 0% used [0x00000000f1d00000,0x00000000f1d00000,0x00000000f8c80000)
 ParOldGen       total 458752K, used 458313K [0x00000000c0000000, 0x00000000dc000000, 0x00000000eab00000)
  object space 458752K, 99% used [0x00000000c0000000,0x00000000dbf92658,0x00000000dc000000)
 Metaspace       used 6598K, capacity 7320K, committed 7680K, reserved 1056768K
  class space    used 616K, capacity 656K, committed 768K, reserved 1048576K
GC Heap History (10 events):
Event: 10,292 GC heap after
Heap after GC invocations=20 (full 2):
 PSYoungGen      total 214016K, used 91105K [0x00000000eab00000, 0x0000000100000000, 0x0000000100000000)
  eden space 122880K, 0% used [0x00000000eab00000,0x00000000eab00000,0x00000000f2300000)
  from space 91136K, 99% used [0x00000000fa700000,0x00000000ffff8518,0x0000000100000000)
  to   space 113152K, 0% used [0x00000000f2300000,0x00000000f2300000,0x00000000f9180000)
 ParOldGen       total 458752K, used 305906K [0x00000000c0000000, 0x00000000dc000000, 0x00000000eab00000)
  object space 458752K, 66% used [0x00000000c0000000,0x00000000d2abcb68,0x00000000dc000000)
 Metaspace       used 6594K, capacity 7320K, committed 7680K, reserved 1056768K
  class space    used 616K, capacity 656K, committed 768K, reserved 1048576K
}
Event: 10,533 GC heap before
{Heap before GC invocations=21 (full 2):
 PSYoungGen      total 214016K, used 213985K [0x00000000eab00000, 0x0000000100000000, 0x0000000100000000)
  eden space 122880K, 100% used [0x00000000eab00000,0x00000000f2300000,0x00000000f2300000)
  from space 91136K, 99% used [0x00000000fa700000,0x00000000ffff8518,0x0000000100000000)
  to   space 113152K, 0% used [0x00000000f2300000,0x00000000f2300000,0x00000000f9180000)
 ParOldGen       total 458752K, used 305906K [0x00000000c0000000, 0x00000000dc000000, 0x00000000eab00000)
  object space 458752K, 66% used [0x00000000c0000000,0x00000000d2abcb68,0x00000000dc000000)
 Metaspace       used 6594K, capacity 7320K, committed 7680K, reserved 1056768K
  class space    used 616K, capacity 656K, committed 768K, reserved 1048576K
Event: 10,677 GC heap after
Heap after GC invocations=21 (full 2):
 PSYoungGen      total 193024K, used 69828K [0x00000000eab00000, 0x0000000100000000, 0x0000000100000000)
  eden space 122880K, 0% used [0x00000000eab00000,0x00000000eab00000,0x00000000f2300000)
  from space 70144K, 99% used [0x00000000f2300000,0x00000000f6731270,0x00000000f6780000)
  to   space 115200K, 0% used [0x00000000f8f80000,0x00000000f8f80000,0x0000000100000000)
 ParOldGen       total 458752K, used 348066K [0x00000000c0000000, 0x00000000dc000000, 0x00000000eab00000)
  object space 458752K, 75% used [0x00000000c0000000,0x00000000d53e8b70,0x00000000dc000000)
 Metaspace       used 6594K, capacity 7320K, committed 7680K, reserved 1056768K
  class space    used 616K, capacity 656K, committed 768K, reserved 1048576K
}
Event: 10,916 GC heap before
{Heap before GC invocations=22 (full 2):
 PSYoungGen      total 193024K, used 192708K [0x00000000eab00000, 0x0000000100000000, 0x0000000100000000)
  eden space 122880K, 100% used [0x00000000eab00000,0x00000000f2300000,0x00000000f2300000)
  from space 70144K, 99% used [0x00000000f2300000,0x00000000f6731270,0x00000000f6780000)
  to   space 115200K, 0% used [0x00000000f8f80000,0x00000000f8f80000,0x0000000100000000)
 ParOldGen       total 458752K, used 348066K [0x00000000c0000000, 0x00000000dc000000, 0x00000000eab00000)
  object space 458752K, 75% used [0x00000000c0000000,0x00000000d53e8b70,0x00000000dc000000)
 Metaspace       used 6598K, capacity 7320K, committed 7680K, reserved 1056768K
  class space    used 616K, capacity 656K, committed 768K, reserved 1048576K
Event: 11,020 GC heap after
Heap after GC invocations=22 (full 2):
 PSYoungGen      total 231936K, used 88310K [0x00000000eab00000, 0x0000000100000000, 0x0000000100000000)
  eden space 116736K, 0% used [0x00000000eab00000,0x00000000eab00000,0x00000000f1d00000)
  from space 115200K, 76% used [0x00000000f8f80000,0x00000000fe5bd820,0x0000000100000000)
  to   space 116224K, 0% used [0x00000000f1d00000,0x00000000f1d00000,0x00000000f8e80000)
 ParOldGen       total 458752K, used 348066K [0x00000000c0000000, 0x00000000dc000000, 0x00000000eab00000)
  object space 458752K, 75% used [0x00000000c0000000,0x00000000d53e8b70,0x00000000dc000000)
 Metaspace       used 6598K, capacity 7320K, committed 7680K, reserved 1056768K
  class space    used 616K, capacity 656K, committed 768K, reserved 1048576K
}
Event: 11,287 GC heap before
{Heap before GC invocations=23 (full 2):
 PSYoungGen      total 231936K, used 205046K [0x00000000eab00000, 0x0000000100000000, 0x0000000100000000)
  eden space 116736K, 100% used [0x00000000eab00000,0x00000000f1d00000,0x00000000f1d00000)
  from space 115200K, 76% used [0x00000000f8f80000,0x00000000fe5bd820,0x0000000100000000)
  to   space 116224K, 0% used [0x00000000f1d00000,0x00000000f1d00000,0x00000000f8e80000)
 ParOldGen       total 458752K, used 348066K [0x00000000c0000000, 0x00000000dc000000, 0x00000000eab00000)
  object space 458752K, 75% used [0x00000000c0000000,0x00000000d53e8b70,0x00000000dc000000)
 Metaspace       used 6598K, capacity 7320K, committed 7680K, reserved 1056768K
  class space    used 616K, capacity 656K, committed 768K, reserved 1048576K
Event: 11,419 GC heap after
Heap after GC invocations=23 (full 2):
 PSYoungGen      total 232960K, used 57713K [0x00000000eab00000, 0x0000000100000000, 0x0000000100000000)
  eden space 116736K, 0% used [0x00000000eab00000,0x00000000eab00000,0x00000000f1d00000)
  from space 116224K, 49% used [0x00000000f1d00000,0x00000000f555c6d0,0x00000000f8e80000)
  to   space 116224K, 0% used [0x00000000f8e80000,0x00000000f8e80000,0x0000000100000000)
 ParOldGen       total 458752K, used 397587K [0x00000000c0000000, 0x00000000dc000000, 0x00000000eab00000)
  object space 458752K, 86% used [0x00000000c0000000,0x00000000d8444fc8,0x00000000dc000000)
 Metaspace       used 6598K, capacity 7320K, committed 7680K, reserved 1056768K
  class space    used 616K, capacity 656K, committed 768K, reserved 1048576K
}
Event: 11,736 GC heap before
{Heap before GC invocations=24 (full 2):
 PSYoungGen      total 232960K, used 174449K [0x00000000eab00000, 0x0000000100000000, 0x0000000100000000)
  eden space 116736K, 100% used [0x00000000eab00000,0x00000000f1d00000,0x00000000f1d00000)
  from space 116224K, 49% used [0x00000000f1d00000,0x00000000f555c6d0,0x00000000f8e80000)
  to   space 116224K, 0% used [0x00000000f8e80000,0x00000000f8e80000,0x0000000100000000)
 ParOldGen       total 458752K, used 397587K [0x00000000c0000000, 0x00000000dc000000, 0x00000000eab00000)
  object space 458752K, 86% used [0x00000000c0000000,0x00000000d8444fc8,0x00000000dc000000)
 Metaspace       used 6598K, capacity 7320K, committed 7680K, reserved 1056768K
  class space    used 616K, capacity 656K, committed 768K, reserved 1048576K
Event: 11,861 GC heap after
Heap after GC invocations=24 (full 2):
 PSYoungGen      total 228864K, used 38602K [0x00000000eab00000, 0x00000000ffc00000, 0x0000000100000000)
  eden space 116736K, 0% used [0x00000000eab00000,0x00000000eab00000,0x00000000f1d00000)
  from space 112128K, 34% used [0x00000000f8e80000,0x00000000fb432bc0,0x00000000ffc00000)
  to   space 114176K, 0% used [0x00000000f1d00000,0x00000000f1d00000,0x00000000f8c80000)
 ParOldGen       total 458752K, used 435957K [0x00000000c0000000, 0x00000000dc000000, 0x00000000eab00000)
  object space 458752K, 95% used [0x00000000c0000000,0x00000000da9bd608,0x00000000dc000000)
 Metaspace       used 6598K, capacity 7320K, committed 7680K, reserved 1056768K
  class space    used 616K, capacity 656K, committed 768K, reserved 1048576K
}
Event: 11,861 GC heap before
{Heap before GC invocations=25 (full 3):
 PSYoungGen      total 228864K, used 38602K [0x00000000eab00000, 0x00000000ffc00000, 0x0000000100000000)
  eden space 116736K, 0% used [0x00000000eab00000,0x00000000eab00000,0x00000000f1d00000)
  from space 112128K, 34% used [0x00000000f8e80000,0x00000000fb432bc0,0x00000000ffc00000)
  to   space 114176K, 0% used [0x00000000f1d00000,0x00000000f1d00000,0x00000000f8c80000)
 ParOldGen       total 458752K, used 435957K [0x00000000c0000000, 0x00000000dc000000, 0x00000000eab00000)
  object space 458752K, 95% used [0x00000000c0000000,0x00000000da9bd608,0x00000000dc000000)
 Metaspace       used 6598K, capacity 7320K, committed 7680K, reserved 1056768K
  class space    used 616K, capacity 656K, committed 768K, reserved 1048576K

