# JRE version: Java(TM) SE Runtime Environment (8.0_74-b02) (build 1.8.0_74-b02)
# Java VM: Java HotSpot(TM) 64-Bit Server VM (25.74-b02 mixed mode linux-amd64 compressed oops)
Heap:
 PSYoungGen      total 267264K, used 0K [0x00000000eab00000, 0x00000000ff780000, 0x0000000100000000)
  eden space 199680K, 0% used [0x00000000eab00000,0x00000000eab00000,0x00000000f6e00000)
  from space 67584K, 0% used [0x00000000f6e00000,0x00000000f6e00000,0x00000000fb000000)
  to   space 64512K, 0% used [0x00000000fb880000,0x00000000fb880000,0x00000000ff780000)
 ParOldGen       total 442880K, used 432966K [0x00000000c0000000, 0x00000000db080000, 0x00000000eab00000)
  object space 442880K, 97% used [0x00000000c0000000,0x00000000da6d1aa8,0x00000000db080000)
 Metaspace       used 6605K, capacity 7320K, committed 7680K, reserved 1056768K
  class space    used 616K, capacity 656K, committed 768K, reserved 1048576K
GC Heap History (10 events):
Event: 55,902 GC heap after
Heap after GC invocations=17 (full 2):
 PSYoungGen      total 253440K, used 29216K [0x00000000eab00000, 0x00000000ff580000, 0x0000000100000000)
  eden space 171008K, 0% used [0x00000000eab00000,0x00000000eab00000,0x00000000f5200000)
  from space 82432K, 35% used [0x00000000f5200000,0x00000000f6e88020,0x00000000fa280000)
  to   space 78336K, 0% used [0x00000000fa900000,0x00000000fa900000,0x00000000ff580000)
 ParOldGen       total 442880K, used 292385K [0x00000000c0000000, 0x00000000db080000, 0x00000000eab00000)
  object space 442880K, 66% used [0x00000000c0000000,0x00000000d1d884a0,0x00000000db080000)
 Metaspace       used 6597K, capacity 7320K, committed 7680K, reserved 1056768K
  class space    used 616K, capacity 656K, committed 768K, reserved 1048576K
}
Event: 56,096 GC heap before
{Heap before GC invocations=18 (full 2):
 PSYoungGen      total 253440K, used 200224K [0x00000000eab00000, 0x00000000ff580000, 0x0000000100000000)
  eden space 171008K, 100% used [0x00000000eab00000,0x00000000f5200000,0x00000000f5200000)
  from space 82432K, 35% used [0x00000000f5200000,0x00000000f6e88020,0x00000000fa280000)
  to   space 78336K, 0% used [0x00000000fa900000,0x00000000fa900000,0x00000000ff580000)
 ParOldGen       total 442880K, used 292385K [0x00000000c0000000, 0x00000000db080000, 0x00000000eab00000)
  object space 442880K, 66% used [0x00000000c0000000,0x00000000d1d884a0,0x00000000db080000)
 Metaspace       used 6599K, capacity 7320K, committed 7680K, reserved 1056768K
  class space    used 616K, capacity 656K, committed 768K, reserved 1048576K
Event: 56,153 GC heap after
Heap after GC invocations=18 (full 2):
 PSYoungGen      total 263168K, used 25718K [0x00000000eab00000, 0x00000000ff600000, 0x0000000100000000)
  eden space 184832K, 0% used [0x00000000eab00000,0x00000000eab00000,0x00000000f5f80000)
  from space 78336K, 32% used [0x00000000fa900000,0x00000000fc21d8d0,0x00000000ff580000)
  to   space 75264K, 0% used [0x00000000f5f80000,0x00000000f5f80000,0x00000000fa900000)
 ParOldGen       total 442880K, used 319963K [0x00000000c0000000, 0x00000000db080000, 0x00000000eab00000)
  object space 442880K, 72% used [0x00000000c0000000,0x00000000d3876d10,0x00000000db080000)
 Metaspace       used 6599K, capacity 7320K, committed 7680K, reserved 1056768K
  class space    used 616K, capacity 656K, committed 768K, reserved 1048576K
}
Event: 56,371 GC heap before
{Heap before GC invocations=19 (full 2):
 PSYoungGen      total 263168K, used 210550K [0x00000000eab00000, 0x00000000ff600000, 0x0000000100000000)
  eden space 184832K, 100% used [0x00000000eab00000,0x00000000f5f80000,0x00000000f5f80000)
  from space 78336K, 32% used [0x00000000fa900000,0x00000000fc21d8d0,0x00000000ff580000)
  to   space 75264K, 0% used [0x00000000f5f80000,0x00000000f5f80000,0x00000000fa900000)
 ParOldGen       total 442880K, used 319963K [0x00000000c0000000, 0x00000000db080000, 0x00000000eab00000)
  object space 442880K, 72% used [0x00000000c0000000,0x00000000d3876d10,0x00000000db080000)
 Metaspace       used 6601K, capacity 7320K, committed 7680K, reserved 1056768K
  class space    used 616K, capacity 656K, committed 768K, reserved 1048576K
Event: 56,436 GC heap after
Heap after GC invocations=19 (full 2):
 PSYoungGen      total 260096K, used 30656K [0x00000000eab00000, 0x00000000ff600000, 0x0000000100000000)
  eden space 184832K, 0% used [0x00000000eab00000,0x00000000eab00000,0x00000000f5f80000)
  from space 75264K, 40% used [0x00000000f5f80000,0x00000000f7d70000,0x00000000fa900000)
  to   space 71680K, 0% used [0x00000000fb000000,0x00000000fb000000,0x00000000ff600000)
 ParOldGen       total 442880K, used 344630K [0x00000000c0000000, 0x00000000db080000, 0x00000000eab00000)
  object space 442880K, 77% used [0x00000000c0000000,0x00000000d508d960,0x00000000db080000)
 Metaspace       used 6601K, capacity 7320K, committed 7680K, reserved 1056768K
  class space    used 616K, capacity 656K, committed 768K, reserved 1048576K
}
Event: 56,653 GC heap before
{Heap before GC invocations=20 (full 2):
 PSYoungGen      total 260096K, used 215488K [0x00000000eab00000, 0x00000000ff600000, 0x0000000100000000)
  eden space 184832K, 100% used [0x00000000eab00000,0x00000000f5f80000,0x00000000f5f80000)
  from space 75264K, 40% used [0x00000000f5f80000,0x00000000f7d70000,0x00000000fa900000)
  to   space 71680K, 0% used [0x00000000fb000000,0x00000000fb000000,0x00000000ff600000)
 ParOldGen       total 442880K, used 344630K [0x00000000c0000000, 0x00000000db080000, 0x00000000eab00000)
  object space 442880K, 77% used [0x00000000c0000000,0x00000000d508d960,0x00000000db080000)
 Metaspace       used 6601K, capacity 7320K, committed 7680K, reserved 1056768K
  class space    used 616K, capacity 656K, committed 768K, reserved 1048576K
Event: 56,718 GC heap after
Heap after GC invocations=20 (full 2):
 PSYoungGen      total 269824K, used 31868K [0x00000000eab00000, 0x00000000ff480000, 0x0000000100000000)
  eden space 199680K, 0% used [0x00000000eab00000,0x00000000eab00000,0x00000000f6e00000)
  from space 70144K, 45% used [0x00000000fb000000,0x00000000fcf1f000,0x00000000ff480000)
  to   space 67584K, 0% used [0x00000000f6e00000,0x00000000f6e00000,0x00000000fb000000)
 ParOldGen       total 442880K, used 373770K [0x00000000c0000000, 0x00000000db080000, 0x00000000eab00000)
  object space 442880K, 84% used [0x00000000c0000000,0x00000000d6d02b28,0x00000000db080000)
 Metaspace       used 6601K, capacity 7320K, committed 7680K, reserved 1056768K
  class space    used 616K, capacity 656K, committed 768K, reserved 1048576K
}
Event: 56,958 GC heap before
{Heap before GC invocations=21 (full 2):
 PSYoungGen      total 269824K, used 231548K [0x00000000eab00000, 0x00000000ff480000, 0x0000000100000000)
  eden space 199680K, 100% used [0x00000000eab00000,0x00000000f6e00000,0x00000000f6e00000)
  from space 70144K, 45% used [0x00000000fb000000,0x00000000fcf1f000,0x00000000ff480000)
  to   space 67584K, 0% used [0x00000000f6e00000,0x00000000f6e00000,0x00000000fb000000)
 ParOldGen       total 442880K, used 373770K [0x00000000c0000000, 0x00000000db080000, 0x00000000eab00000)
  object space 442880K, 84% used [0x00000000c0000000,0x00000000d6d02b28,0x00000000db080000)
 Metaspace       used 6605K, capacity 7320K, committed 7680K, reserved 1056768K
  class space    used 616K, capacity 656K, committed 768K, reserved 1048576K
Event: 57,009 GC heap after
Heap after GC invocations=21 (full 2):
 PSYoungGen      total 267264K, used 32131K [0x00000000eab00000, 0x00000000ff780000, 0x0000000100000000)
  eden space 199680K, 0% used [0x00000000eab00000,0x00000000eab00000,0x00000000f6e00000)
  from space 67584K, 47% used [0x00000000f6e00000,0x00000000f8d60da0,0x00000000fb000000)
  to   space 64512K, 0% used [0x00000000fb880000,0x00000000fb880000,0x00000000ff780000)
 ParOldGen       total 442880K, used 403746K [0x00000000c0000000, 0x00000000db080000, 0x00000000eab00000)
  object space 442880K, 91% used [0x00000000c0000000,0x00000000d8a48ba8,0x00000000db080000)
 Metaspace       used 6605K, capacity 7320K, committed 7680K, reserved 1056768K
  class space    used 616K, capacity 656K, committed 768K, reserved 1048576K
}
Event: 57,009 GC heap before
{Heap before GC invocations=22 (full 3):
 PSYoungGen      total 267264K, used 32131K [0x00000000eab00000, 0x00000000ff780000, 0x0000000100000000)
  eden space 199680K, 0% used [0x00000000eab00000,0x00000000eab00000,0x00000000f6e00000)
  from space 67584K, 47% used [0x00000000f6e00000,0x00000000f8d60da0,0x00000000fb000000)
  to   space 64512K, 0% used [0x00000000fb880000,0x00000000fb880000,0x00000000ff780000)
 ParOldGen       total 442880K, used 403746K [0x00000000c0000000, 0x00000000db080000, 0x00000000eab00000)
  object space 442880K, 91% used [0x00000000c0000000,0x00000000d8a48ba8,0x00000000db080000)
 Metaspace       used 6605K, capacity 7320K, committed 7680K, reserved 1056768K
  class space    used 616K, capacity 656K, committed 768K, reserved 1048576K

