# JRE version: Java(TM) SE Runtime Environment (8.0_72-b15) (build 1.8.0_72-b15)
# Java VM: Java HotSpot(TM) 64-Bit Server VM (25.72-b15 mixed mode linux-amd64 compressed oops)
Heap:
 PSYoungGen      total 232960K, used 54258K [0x00000000eab00000, 0x0000000100000000, 0x0000000100000000)
  eden space 116736K, 0% used [0x00000000eab00000,0x00000000eab00000,0x00000000f1d00000)
  from space 116224K, 46% used [0x00000000f8e80000,0x00000000fc37c870,0x0000000100000000)
  to   space 116224K, 0% used [0x00000000f1d00000,0x00000000f1d00000,0x00000000f8e80000)
 ParOldGen       total 477184K, used 476709K [0x00000000c0000000, 0x00000000dd200000, 0x00000000eab00000)
  object space 477184K, 99% used [0x00000000c0000000,0x00000000dd1897a0,0x00000000dd200000)
 Metaspace       used 6590K, capacity 7320K, committed 7680K, reserved 1056768K
  class space    used 615K, capacity 656K, committed 768K, reserved 1048576K
GC Heap History (10 events):
Event: 9,652 GC heap after
Heap after GC invocations=18 (full 2):
 PSYoungGen      total 239104K, used 82887K [0x00000000eab00000, 0x0000000100000000, 0x0000000100000000)
  eden space 153600K, 0% used [0x00000000eab00000,0x00000000eab00000,0x00000000f4100000)
  from space 85504K, 96% used [0x00000000fac80000,0x00000000ffd71eb0,0x0000000100000000)
  to   space 97792K, 0% used [0x00000000f4100000,0x00000000f4100000,0x00000000fa080000)
 ParOldGen       total 442880K, used 267227K [0x00000000c0000000, 0x00000000db080000, 0x00000000eab00000)
  object space 442880K, 60% used [0x00000000c0000000,0x00000000d04f6e88,0x00000000db080000)
 Metaspace       used 6579K, capacity 7320K, committed 7680K, reserved 1056768K
  class space    used 614K, capacity 656K, committed 768K, reserved 1048576K
}
Event: 9,983 GC heap before
{Heap before GC invocations=19 (full 2):
 PSYoungGen      total 239104K, used 236487K [0x00000000eab00000, 0x0000000100000000, 0x0000000100000000)
  eden space 153600K, 100% used [0x00000000eab00000,0x00000000f4100000,0x00000000f4100000)
  from space 85504K, 96% used [0x00000000fac80000,0x00000000ffd71eb0,0x0000000100000000)
  to   space 97792K, 0% used [0x00000000f4100000,0x00000000f4100000,0x00000000fa080000)
 ParOldGen       total 442880K, used 267227K [0x00000000c0000000, 0x00000000db080000, 0x00000000eab00000)
  object space 442880K, 60% used [0x00000000c0000000,0x00000000d04f6f20,0x00000000db080000)
 Metaspace       used 6590K, capacity 7320K, committed 7680K, reserved 1056768K
  class space    used 615K, capacity 656K, committed 768K, reserved 1048576K
Event: 10,110 GC heap after
Heap after GC invocations=19 (full 2):
 PSYoungGen      total 251392K, used 97767K [0x00000000eab00000, 0x0000000100000000, 0x0000000100000000)
  eden space 153600K, 0% used [0x00000000eab00000,0x00000000eab00000,0x00000000f4100000)
  from space 97792K, 99% used [0x00000000f4100000,0x00000000fa079f38,0x00000000fa080000)
  to   space 97792K, 0% used [0x00000000fa080000,0x00000000fa080000,0x0000000100000000)
 ParOldGen       total 442880K, used 271907K [0x00000000c0000000, 0x00000000db080000, 0x00000000eab00000)
  object space 442880K, 61% used [0x00000000c0000000,0x00000000d0988e70,0x00000000db080000)
 Metaspace       used 6590K, capacity 7320K, committed 7680K, reserved 1056768K
  class space    used 615K, capacity 656K, committed 768K, reserved 1048576K
}
Event: 11,091 GC heap before
{Heap before GC invocations=20 (full 2):
 PSYoungGen      total 251392K, used 251367K [0x00000000eab00000, 0x0000000100000000, 0x0000000100000000)
  eden space 153600K, 100% used [0x00000000eab00000,0x00000000f4100000,0x00000000f4100000)
  from space 97792K, 99% used [0x00000000f4100000,0x00000000fa079f38,0x00000000fa080000)
  to   space 97792K, 0% used [0x00000000fa080000,0x00000000fa080000,0x0000000100000000)
 ParOldGen       total 442880K, used 271914K [0x00000000c0000000, 0x00000000db080000, 0x00000000eab00000)
  object space 442880K, 61% used [0x00000000c0000000,0x00000000d098aa10,0x00000000db080000)
 Metaspace       used 6590K, capacity 7320K, committed 7680K, reserved 1056768K
  class space    used 615K, capacity 656K, committed 768K, reserved 1048576K
Event: 11,250 GC heap after
Heap after GC invocations=20 (full 2):
 PSYoungGen      total 214528K, used 87963K [0x00000000eab00000, 0x0000000100000000, 0x0000000100000000)
  eden space 116736K, 0% used [0x00000000eab00000,0x00000000eab00000,0x00000000f1d00000)
  from space 97792K, 89% used [0x00000000fa080000,0x00000000ff666f98,0x0000000100000000)
  to   space 116224K, 0% used [0x00000000f1d00000,0x00000000f1d00000,0x00000000f8e80000)
 ParOldGen       total 442880K, used 319808K [0x00000000c0000000, 0x00000000db080000, 0x00000000eab00000)
  object space 442880K, 72% used [0x00000000c0000000,0x00000000d38502b0,0x00000000db080000)
 Metaspace       used 6590K, capacity 7320K, committed 7680K, reserved 1056768K
  class space    used 615K, capacity 656K, committed 768K, reserved 1048576K
}
Event: 11,891 GC heap before
{Heap before GC invocations=21 (full 2):
 PSYoungGen      total 214528K, used 204699K [0x00000000eab00000, 0x0000000100000000, 0x0000000100000000)
  eden space 116736K, 100% used [0x00000000eab00000,0x00000000f1d00000,0x00000000f1d00000)
  from space 97792K, 89% used [0x00000000fa080000,0x00000000ff666f98,0x0000000100000000)
  to   space 116224K, 0% used [0x00000000f1d00000,0x00000000f1d00000,0x00000000f8e80000)
 ParOldGen       total 442880K, used 319808K [0x00000000c0000000, 0x00000000db080000, 0x00000000eab00000)
  object space 442880K, 72% used [0x00000000c0000000,0x00000000d38502b0,0x00000000db080000)
 Metaspace       used 6590K, capacity 7320K, committed 7680K, reserved 1056768K
  class space    used 615K, capacity 656K, committed 768K, reserved 1048576K
Event: 12,215 GC heap after
Heap after GC invocations=21 (full 2):
 PSYoungGen      total 232960K, used 105995K [0x00000000eab00000, 0x0000000100000000, 0x0000000100000000)
  eden space 116736K, 0% used [0x00000000eab00000,0x00000000eab00000,0x00000000f1d00000)
  from space 116224K, 91% used [0x00000000f1d00000,0x00000000f8482fc8,0x00000000f8e80000)
  to   space 116224K, 0% used [0x00000000f8e80000,0x00000000f8e80000,0x0000000100000000)
 ParOldGen       total 442880K, used 370190K [0x00000000c0000000, 0x00000000db080000, 0x00000000eab00000)
  object space 442880K, 83% used [0x00000000c0000000,0x00000000d6983a98,0x00000000db080000)
 Metaspace       used 6590K, capacity 7320K, committed 7680K, reserved 1056768K
  class space    used 615K, capacity 656K, committed 768K, reserved 1048576K
}
Event: 12,289 GC heap before
{Heap before GC invocations=22 (full 2):
 PSYoungGen      total 232960K, used 222731K [0x00000000eab00000, 0x0000000100000000, 0x0000000100000000)
  eden space 116736K, 100% used [0x00000000eab00000,0x00000000f1d00000,0x00000000f1d00000)
  from space 116224K, 91% used [0x00000000f1d00000,0x00000000f8482fc8,0x00000000f8e80000)
  to   space 116224K, 0% used [0x00000000f8e80000,0x00000000f8e80000,0x0000000100000000)
 ParOldGen       total 442880K, used 370190K [0x00000000c0000000, 0x00000000db080000, 0x00000000eab00000)
  object space 442880K, 83% used [0x00000000c0000000,0x00000000d6983a98,0x00000000db080000)
 Metaspace       used 6590K, capacity 7320K, committed 7680K, reserved 1056768K
  class space    used 615K, capacity 656K, committed 768K, reserved 1048576K
Event: 13,029 GC heap after
Heap after GC invocations=22 (full 2):
 PSYoungGen      total 232960K, used 68429K [0x00000000eab00000, 0x0000000100000000, 0x0000000100000000)
  eden space 116736K, 0% used [0x00000000eab00000,0x00000000eab00000,0x00000000f1d00000)
  from space 116224K, 58% used [0x00000000f8e80000,0x00000000fd153740,0x0000000100000000)
  to   space 116224K, 0% used [0x00000000f1d00000,0x00000000f1d00000,0x00000000f8e80000)
 ParOldGen       total 477184K, used 474856K [0x00000000c0000000, 0x00000000dd200000, 0x00000000eab00000)
  object space 477184K, 99% used [0x00000000c0000000,0x00000000dcfba3d0,0x00000000dd200000)
 Metaspace       used 6590K, capacity 7320K, committed 7680K, reserved 1056768K
  class space    used 615K, capacity 656K, committed 768K, reserved 1048576K
}
Event: 13,187 GC heap before
{Heap before GC invocations=23 (full 3):
 PSYoungGen      total 232960K, used 68429K [0x00000000eab00000, 0x0000000100000000, 0x0000000100000000)
  eden space 116736K, 0% used [0x00000000eab00000,0x00000000eab00000,0x00000000f1d00000)
  from space 116224K, 58% used [0x00000000f8e80000,0x00000000fd153740,0x0000000100000000)
  to   space 116224K, 0% used [0x00000000f1d00000,0x00000000f1d00000,0x00000000f8e80000)
 ParOldGen       total 477184K, used 474856K [0x00000000c0000000, 0x00000000dd200000, 0x00000000eab00000)
  object space 477184K, 99% used [0x00000000c0000000,0x00000000dcfba3d0,0x00000000dd200000)
 Metaspace       used 6590K, capacity 7320K, committed 7680K, reserved 1056768K
  class space    used 615K, capacity 656K, committed 768K, reserved 1048576K

