# JRE version: Java(TM) SE Runtime Environment (8.0_74-b02) (build 1.8.0_74-b02)
# Java VM: Java HotSpot(TM) 64-Bit Server VM (25.74-b02 mixed mode linux-amd64 compressed oops)
Heap:
 PSYoungGen      total 277504K, used 10813K [0x00000000eab00000, 0x00000000ff800000, 0x0000000100000000)
  eden space 212480K, 0% used [0x00000000eab00000,0x00000000eab00000,0x00000000f7a80000)
  from space 65024K, 16% used [0x00000000fb780000,0x00000000fc20f6a8,0x00000000ff700000)
  to   space 62464K, 0% used [0x00000000f7a80000,0x00000000f7a80000,0x00000000fb780000)
 ParOldGen       total 452608K, used 452132K [0x00000000c0000000, 0x00000000dba00000, 0x00000000eab00000)
  object space 452608K, 99% used [0x00000000c0000000,0x00000000db9891d8,0x00000000dba00000)
 Metaspace       used 6598K, capacity 7320K, committed 7680K, reserved 1056768K
  class space    used 616K, capacity 656K, committed 768K, reserved 1048576K
GC Heap History (10 events):
Event: 9,415 GC heap after
Heap after GC invocations=18 (full 2):
 PSYoungGen      total 262656K, used 25974K [0x00000000eab00000, 0x00000000ff580000, 0x0000000100000000)
  eden space 184320K, 0% used [0x00000000eab00000,0x00000000eab00000,0x00000000f5f00000)
  from space 78336K, 33% used [0x00000000fa900000,0x00000000fc25d8d0,0x00000000ff580000)
  to   space 75776K, 0% used [0x00000000f5f00000,0x00000000f5f00000,0x00000000fa900000)
 ParOldGen       total 452608K, used 317209K [0x00000000c0000000, 0x00000000dba00000, 0x00000000eab00000)
  object space 452608K, 70% used [0x00000000c0000000,0x00000000d35c6400,0x00000000dba00000)
 Metaspace       used 6593K, capacity 7320K, committed 7680K, reserved 1056768K
  class space    used 616K, capacity 656K, committed 768K, reserved 1048576K
}
Event: 9,656 GC heap before
{Heap before GC invocations=19 (full 2):
 PSYoungGen      total 262656K, used 210294K [0x00000000eab00000, 0x00000000ff580000, 0x0000000100000000)
  eden space 184320K, 100% used [0x00000000eab00000,0x00000000f5f00000,0x00000000f5f00000)
  from space 78336K, 33% used [0x00000000fa900000,0x00000000fc25d8d0,0x00000000ff580000)
  to   space 75776K, 0% used [0x00000000f5f00000,0x00000000f5f00000,0x00000000fa900000)
 ParOldGen       total 452608K, used 317209K [0x00000000c0000000, 0x00000000dba00000, 0x00000000eab00000)
  object space 452608K, 70% used [0x00000000c0000000,0x00000000d35c6400,0x00000000dba00000)
 Metaspace       used 6595K, capacity 7320K, committed 7680K, reserved 1056768K
  class space    used 616K, capacity 656K, committed 768K, reserved 1048576K
Event: 9,765 GC heap after
Heap after GC invocations=19 (full 2):
 PSYoungGen      total 260096K, used 30208K [0x00000000eab00000, 0x00000000ff580000, 0x0000000100000000)
  eden space 184320K, 0% used [0x00000000eab00000,0x00000000eab00000,0x00000000f5f00000)
  from space 75776K, 39% used [0x00000000f5f00000,0x00000000f7c80000,0x00000000fa900000)
  to   space 71680K, 0% used [0x00000000faf80000,0x00000000faf80000,0x00000000ff580000)
 ParOldGen       total 452608K, used 341954K [0x00000000c0000000, 0x00000000dba00000, 0x00000000eab00000)
  object space 452608K, 75% used [0x00000000c0000000,0x00000000d4df0b88,0x00000000dba00000)
 Metaspace       used 6595K, capacity 7320K, committed 7680K, reserved 1056768K
  class space    used 616K, capacity 656K, committed 768K, reserved 1048576K
}
Event: 10,053 GC heap before
{Heap before GC invocations=20 (full 2):
 PSYoungGen      total 260096K, used 214528K [0x00000000eab00000, 0x00000000ff580000, 0x0000000100000000)
  eden space 184320K, 100% used [0x00000000eab00000,0x00000000f5f00000,0x00000000f5f00000)
  from space 75776K, 39% used [0x00000000f5f00000,0x00000000f7c80000,0x00000000fa900000)
  to   space 71680K, 0% used [0x00000000faf80000,0x00000000faf80000,0x00000000ff580000)
 ParOldGen       total 452608K, used 341954K [0x00000000c0000000, 0x00000000dba00000, 0x00000000eab00000)
  object space 452608K, 75% used [0x00000000c0000000,0x00000000d4df0b88,0x00000000dba00000)
 Metaspace       used 6595K, capacity 7320K, committed 7680K, reserved 1056768K
  class space    used 616K, capacity 656K, committed 768K, reserved 1048576K
Event: 10,140 GC heap after
Heap after GC invocations=20 (full 2):
 PSYoungGen      total 269824K, used 31714K [0x00000000eab00000, 0x00000000ff500000, 0x0000000100000000)
  eden space 198656K, 0% used [0x00000000eab00000,0x00000000eab00000,0x00000000f6d00000)
  from space 71168K, 44% used [0x00000000faf80000,0x00000000fce78ac0,0x00000000ff500000)
  to   space 68096K, 0% used [0x00000000f6d00000,0x00000000f6d00000,0x00000000faf80000)
 ParOldGen       total 452608K, used 370650K [0x00000000c0000000, 0x00000000dba00000, 0x00000000eab00000)
  object space 452608K, 81% used [0x00000000c0000000,0x00000000d69f6850,0x00000000dba00000)
 Metaspace       used 6595K, capacity 7320K, committed 7680K, reserved 1056768K
  class space    used 616K, capacity 656K, committed 768K, reserved 1048576K
}
Event: 10,399 GC heap before
{Heap before GC invocations=21 (full 2):
 PSYoungGen      total 269824K, used 230370K [0x00000000eab00000, 0x00000000ff500000, 0x0000000100000000)
  eden space 198656K, 100% used [0x00000000eab00000,0x00000000f6d00000,0x00000000f6d00000)
  from space 71168K, 44% used [0x00000000faf80000,0x00000000fce78ac0,0x00000000ff500000)
  to   space 68096K, 0% used [0x00000000f6d00000,0x00000000f6d00000,0x00000000faf80000)
 ParOldGen       total 452608K, used 370650K [0x00000000c0000000, 0x00000000dba00000, 0x00000000eab00000)
  object space 452608K, 81% used [0x00000000c0000000,0x00000000d69f6850,0x00000000dba00000)
 Metaspace       used 6598K, capacity 7320K, committed 7680K, reserved 1056768K
  class space    used 616K, capacity 656K, committed 768K, reserved 1048576K
Event: 10,487 GC heap after
Heap after GC invocations=21 (full 2):
 PSYoungGen      total 266752K, used 33108K [0x00000000eab00000, 0x00000000ff700000, 0x0000000100000000)
  eden space 198656K, 0% used [0x00000000eab00000,0x00000000eab00000,0x00000000f6d00000)
  from space 68096K, 48% used [0x00000000f6d00000,0x00000000f8d55178,0x00000000faf80000)
  to   space 65024K, 0% used [0x00000000fb780000,0x00000000fb780000,0x00000000ff700000)
 ParOldGen       total 452608K, used 400672K [0x00000000c0000000, 0x00000000dba00000, 0x00000000eab00000)
  object space 452608K, 88% used [0x00000000c0000000,0x00000000d8748350,0x00000000dba00000)
 Metaspace       used 6598K, capacity 7320K, committed 7680K, reserved 1056768K
  class space    used 616K, capacity 656K, committed 768K, reserved 1048576K
}
Event: 10,766 GC heap before
{Heap before GC invocations=22 (full 2):
 PSYoungGen      total 266752K, used 231764K [0x00000000eab00000, 0x00000000ff700000, 0x0000000100000000)
  eden space 198656K, 100% used [0x00000000eab00000,0x00000000f6d00000,0x00000000f6d00000)
  from space 68096K, 48% used [0x00000000f6d00000,0x00000000f8d55178,0x00000000faf80000)
  to   space 65024K, 0% used [0x00000000fb780000,0x00000000fb780000,0x00000000ff700000)
 ParOldGen       total 452608K, used 400672K [0x00000000c0000000, 0x00000000dba00000, 0x00000000eab00000)
  object space 452608K, 88% used [0x00000000c0000000,0x00000000d8748350,0x00000000dba00000)
 Metaspace       used 6598K, capacity 7320K, committed 7680K, reserved 1056768K
  class space    used 616K, capacity 656K, committed 768K, reserved 1048576K
Event: 10,923 GC heap after
Heap after GC invocations=22 (full 2):
 PSYoungGen      total 277504K, used 34103K [0x00000000eab00000, 0x00000000ff800000, 0x0000000100000000)
  eden space 212480K, 0% used [0x00000000eab00000,0x00000000eab00000,0x00000000f7a80000)
  from space 65024K, 52% used [0x00000000fb780000,0x00000000fd8cdc78,0x00000000ff700000)
  to   space 62464K, 0% used [0x00000000f7a80000,0x00000000f7a80000,0x00000000fb780000)
 ParOldGen       total 452608K, used 432287K [0x00000000c0000000, 0x00000000dba00000, 0x00000000eab00000)
  object space 452608K, 95% used [0x00000000c0000000,0x00000000da627ea0,0x00000000dba00000)
 Metaspace       used 6598K, capacity 7320K, committed 7680K, reserved 1056768K
  class space    used 616K, capacity 656K, committed 768K, reserved 1048576K
}
Event: 10,923 GC heap before
{Heap before GC invocations=23 (full 3):
 PSYoungGen      total 277504K, used 34103K [0x00000000eab00000, 0x00000000ff800000, 0x0000000100000000)
  eden space 212480K, 0% used [0x00000000eab00000,0x00000000eab00000,0x00000000f7a80000)
  from space 65024K, 52% used [0x00000000fb780000,0x00000000fd8cdc78,0x00000000ff700000)
  to   space 62464K, 0% used [0x00000000f7a80000,0x00000000f7a80000,0x00000000fb780000)
 ParOldGen       total 452608K, used 432287K [0x00000000c0000000, 0x00000000dba00000, 0x00000000eab00000)
  object space 452608K, 95% used [0x00000000c0000000,0x00000000da627ea0,0x00000000dba00000)
 Metaspace       used 6598K, capacity 7320K, committed 7680K, reserved 1056768K
  class space    used 616K, capacity 656K, committed 768K, reserved 1048576K

