# JRE version: Java(TM) SE Runtime Environment (8.0_74-b02) (build 1.8.0_74-b02)
# Java VM: Java HotSpot(TM) 64-Bit Server VM (25.74-b02 mixed mode linux-amd64 compressed oops)
Heap:
 PSYoungGen      total 236032K, used 1529K [0x00000000eab00000, 0x00000000ff700000, 0x0000000100000000)
  eden space 135168K, 0% used [0x00000000eab00000,0x00000000eab00000,0x00000000f2f00000)
  from space 100864K, 1% used [0x00000000f9480000,0x00000000f95fe7f0,0x00000000ff700000)
  to   space 102400K, 0% used [0x00000000f2f00000,0x00000000f2f00000,0x00000000f9300000)
 ParOldGen       total 433152K, used 433040K [0x00000000c0000000, 0x00000000da700000, 0x00000000eab00000)
  object space 433152K, 99% used [0x00000000c0000000,0x00000000da6e41e0,0x00000000da700000)
 Metaspace       used 6608K, capacity 7320K, committed 7680K, reserved 1056768K
  class space    used 616K, capacity 656K, committed 768K, reserved 1048576K
GC Heap History (10 events):
Event: 7,629 GC heap after
Heap after GC invocations=18 (full 2):
 PSYoungGen      total 243712K, used 77088K [0x00000000eab00000, 0x0000000100000000, 0x0000000100000000)
  eden space 158720K, 0% used [0x00000000eab00000,0x00000000eab00000,0x00000000f4600000)
  from space 84992K, 90% used [0x00000000fad00000,0x00000000ff848020,0x0000000100000000)
  to   space 95232K, 0% used [0x00000000f4600000,0x00000000f4600000,0x00000000fa300000)
 ParOldGen       total 433152K, used 269237K [0x00000000c0000000, 0x00000000da700000, 0x00000000eab00000)
  object space 433152K, 62% used [0x00000000c0000000,0x00000000d06ed750,0x00000000da700000)
 Metaspace       used 6602K, capacity 7320K, committed 7680K, reserved 1056768K
  class space    used 616K, capacity 656K, committed 768K, reserved 1048576K
}
Event: 7,847 GC heap before
{Heap before GC invocations=19 (full 2):
 PSYoungGen      total 243712K, used 235808K [0x00000000eab00000, 0x0000000100000000, 0x0000000100000000)
  eden space 158720K, 100% used [0x00000000eab00000,0x00000000f4600000,0x00000000f4600000)
  from space 84992K, 90% used [0x00000000fad00000,0x00000000ff848020,0x0000000100000000)
  to   space 95232K, 0% used [0x00000000f4600000,0x00000000f4600000,0x00000000fa300000)
 ParOldGen       total 433152K, used 269237K [0x00000000c0000000, 0x00000000da700000, 0x00000000eab00000)
  object space 433152K, 62% used [0x00000000c0000000,0x00000000d06ed750,0x00000000da700000)
 Metaspace       used 6604K, capacity 7320K, committed 7680K, reserved 1056768K
  class space    used 616K, capacity 656K, committed 768K, reserved 1048576K
Event: 7,989 GC heap after
Heap after GC invocations=19 (full 2):
 PSYoungGen      total 237056K, used 78016K [0x00000000eab00000, 0x0000000100000000, 0x0000000100000000)
  eden space 158720K, 0% used [0x00000000eab00000,0x00000000eab00000,0x00000000f4600000)
  from space 78336K, 99% used [0x00000000f4600000,0x00000000f9230020,0x00000000f9280000)
  to   space 103936K, 0% used [0x00000000f9a80000,0x00000000f9a80000,0x0000000100000000)
 ParOldGen       total 433152K, used 293460K [0x00000000c0000000, 0x00000000da700000, 0x00000000eab00000)
  object space 433152K, 67% used [0x00000000c0000000,0x00000000d1e952a0,0x00000000da700000)
 Metaspace       used 6604K, capacity 7320K, committed 7680K, reserved 1056768K
  class space    used 616K, capacity 656K, committed 768K, reserved 1048576K
}
Event: 8,199 GC heap before
{Heap before GC invocations=20 (full 2):
 PSYoungGen      total 237056K, used 236736K [0x00000000eab00000, 0x0000000100000000, 0x0000000100000000)
  eden space 158720K, 100% used [0x00000000eab00000,0x00000000f4600000,0x00000000f4600000)
  from space 78336K, 99% used [0x00000000f4600000,0x00000000f9230020,0x00000000f9280000)
  to   space 103936K, 0% used [0x00000000f9a80000,0x00000000f9a80000,0x0000000100000000)
 ParOldGen       total 433152K, used 293460K [0x00000000c0000000, 0x00000000da700000, 0x00000000eab00000)
  object space 433152K, 67% used [0x00000000c0000000,0x00000000d1e952a0,0x00000000da700000)
 Metaspace       used 6604K, capacity 7320K, committed 7680K, reserved 1056768K
  class space    used 616K, capacity 656K, committed 768K, reserved 1048576K
Event: 8,351 GC heap after
Heap after GC invocations=20 (full 2):
 PSYoungGen      total 232960K, used 76572K [0x00000000eab00000, 0x0000000100000000, 0x0000000100000000)
  eden space 129024K, 0% used [0x00000000eab00000,0x00000000eab00000,0x00000000f2900000)
  from space 103936K, 73% used [0x00000000f9a80000,0x00000000fe5470e0,0x0000000100000000)
  to   space 110080K, 0% used [0x00000000f2900000,0x00000000f2900000,0x00000000f9480000)
 ParOldGen       total 433152K, used 321069K [0x00000000c0000000, 0x00000000da700000, 0x00000000eab00000)
  object space 433152K, 74% used [0x00000000c0000000,0x00000000d398b6a0,0x00000000da700000)
 Metaspace       used 6604K, capacity 7320K, committed 7680K, reserved 1056768K
  class space    used 616K, capacity 656K, committed 768K, reserved 1048576K
}
Event: 8,536 GC heap before
{Heap before GC invocations=21 (full 2):
 PSYoungGen      total 232960K, used 205596K [0x00000000eab00000, 0x0000000100000000, 0x0000000100000000)
  eden space 129024K, 100% used [0x00000000eab00000,0x00000000f2900000,0x00000000f2900000)
  from space 103936K, 73% used [0x00000000f9a80000,0x00000000fe5470e0,0x0000000100000000)
  to   space 110080K, 0% used [0x00000000f2900000,0x00000000f2900000,0x00000000f9480000)
 ParOldGen       total 433152K, used 321069K [0x00000000c0000000, 0x00000000da700000, 0x00000000eab00000)
  object space 433152K, 74% used [0x00000000c0000000,0x00000000d398b6a0,0x00000000da700000)
 Metaspace       used 6604K, capacity 7320K, committed 7680K, reserved 1056768K
  class space    used 616K, capacity 656K, committed 768K, reserved 1048576K
Event: 8,753 GC heap after
Heap after GC invocations=21 (full 2):
 PSYoungGen      total 239104K, used 47724K [0x00000000eab00000, 0x00000000ffa00000, 0x0000000100000000)
  eden space 129024K, 0% used [0x00000000eab00000,0x00000000eab00000,0x00000000f2900000)
  from space 110080K, 43% used [0x00000000f2900000,0x00000000f579b3d8,0x00000000f9480000)
  to   space 103936K, 0% used [0x00000000f9480000,0x00000000f9480000,0x00000000ffa00000)
 ParOldGen       total 433152K, used 370337K [0x00000000c0000000, 0x00000000da700000, 0x00000000eab00000)
  object space 433152K, 85% used [0x00000000c0000000,0x00000000d69a86b0,0x00000000da700000)
 Metaspace       used 6604K, capacity 7320K, committed 7680K, reserved 1056768K
  class space    used 616K, capacity 656K, committed 768K, reserved 1048576K
}
Event: 8,935 GC heap before
{Heap before GC invocations=22 (full 2):
 PSYoungGen      total 239104K, used 176748K [0x00000000eab00000, 0x00000000ffa00000, 0x0000000100000000)
  eden space 129024K, 100% used [0x00000000eab00000,0x00000000f2900000,0x00000000f2900000)
  from space 110080K, 43% used [0x00000000f2900000,0x00000000f579b3d8,0x00000000f9480000)
  to   space 103936K, 0% used [0x00000000f9480000,0x00000000f9480000,0x00000000ffa00000)
 ParOldGen       total 433152K, used 370337K [0x00000000c0000000, 0x00000000da700000, 0x00000000eab00000)
  object space 433152K, 85% used [0x00000000c0000000,0x00000000d69a86b0,0x00000000da700000)
 Metaspace       used 6608K, capacity 7320K, committed 7680K, reserved 1056768K
  class space    used 616K, capacity 656K, committed 768K, reserved 1048576K
Event: 9,106 GC heap after
Heap after GC invocations=22 (full 2):
 PSYoungGen      total 236032K, used 21635K [0x00000000eab00000, 0x00000000ff700000, 0x0000000100000000)
  eden space 135168K, 0% used [0x00000000eab00000,0x00000000eab00000,0x00000000f2f00000)
  from space 100864K, 21% used [0x00000000f9480000,0x00000000fa9a0da0,0x00000000ff700000)
  to   space 102400K, 0% used [0x00000000f2f00000,0x00000000f2f00000,0x00000000f9300000)
 ParOldGen       total 433152K, used 416952K [0x00000000c0000000, 0x00000000da700000, 0x00000000eab00000)
  object space 433152K, 96% used [0x00000000c0000000,0x00000000d972e260,0x00000000da700000)
 Metaspace       used 6608K, capacity 7320K, committed 7680K, reserved 1056768K
  class space    used 616K, capacity 656K, committed 768K, reserved 1048576K
}
Event: 9,106 GC heap before
{Heap before GC invocations=23 (full 3):
 PSYoungGen      total 236032K, used 21635K [0x00000000eab00000, 0x00000000ff700000, 0x0000000100000000)
  eden space 135168K, 0% used [0x00000000eab00000,0x00000000eab00000,0x00000000f2f00000)
  from space 100864K, 21% used [0x00000000f9480000,0x00000000fa9a0da0,0x00000000ff700000)
  to   space 102400K, 0% used [0x00000000f2f00000,0x00000000f2f00000,0x00000000f9300000)
 ParOldGen       total 433152K, used 416952K [0x00000000c0000000, 0x00000000da700000, 0x00000000eab00000)
  object space 433152K, 96% used [0x00000000c0000000,0x00000000d972e260,0x00000000da700000)
 Metaspace       used 6608K, capacity 7320K, committed 7680K, reserved 1056768K
  class space    used 616K, capacity 656K, committed 768K, reserved 1048576K

