# JRE version: Java(TM) SE Runtime Environment (8.0_72-b15) (build 1.8.0_72-b15)
# Java VM: Java HotSpot(TM) 64-Bit Server VM (25.72-b15 mixed mode linux-amd64 compressed oops)
Heap:
 PSYoungGen      total 227840K, used 0K [0x00000000eab00000, 0x00000000ffb00000, 0x0000000100000000)
  eden space 120832K, 0% used [0x00000000eab00000,0x00000000eab00000,0x00000000f2100000)
  from space 107008K, 0% used [0x00000000f9280000,0x00000000f9280000,0x00000000ffb00000)
  to   space 111616K, 0% used [0x00000000f2100000,0x00000000f2100000,0x00000000f8e00000)
 ParOldGen       total 463360K, used 441886K [0x00000000c0000000, 0x00000000dc480000, 0x00000000eab00000)
  object space 463360K, 95% used [0x00000000c0000000,0x00000000daf87ab8,0x00000000dc480000)
 Metaspace       used 6597K, capacity 7320K, committed 7680K, reserved 1056768K
  class space    used 616K, capacity 656K, committed 768K, reserved 1048576K
GC Heap History (10 events):
Event: 13,883 GC heap after
Heap after GC invocations=18 (full 2):
 PSYoungGen      total 239616K, used 81770K [0x00000000eab00000, 0x0000000100000000, 0x0000000100000000)
  eden space 152576K, 0% used [0x00000000eab00000,0x00000000eab00000,0x00000000f4000000)
  from space 87040K, 93% used [0x00000000fab00000,0x00000000ffada870,0x0000000100000000)
  to   space 98304K, 0% used [0x00000000f4000000,0x00000000f4000000,0x00000000fa000000)
 ParOldGen       total 463360K, used 277077K [0x00000000c0000000, 0x00000000dc480000, 0x00000000eab00000)
  object space 463360K, 59% used [0x00000000c0000000,0x00000000d0e95718,0x00000000dc480000)
 Metaspace       used 6593K, capacity 7320K, committed 7680K, reserved 1056768K
  class space    used 616K, capacity 656K, committed 768K, reserved 1048576K
}
Event: 14,212 GC heap before
{Heap before GC invocations=19 (full 2):
 PSYoungGen      total 239616K, used 234346K [0x00000000eab00000, 0x0000000100000000, 0x0000000100000000)
  eden space 152576K, 100% used [0x00000000eab00000,0x00000000f4000000,0x00000000f4000000)
  from space 87040K, 93% used [0x00000000fab00000,0x00000000ffada870,0x0000000100000000)
  to   space 98304K, 0% used [0x00000000f4000000,0x00000000f4000000,0x00000000fa000000)
 ParOldGen       total 463360K, used 277077K [0x00000000c0000000, 0x00000000dc480000, 0x00000000eab00000)
  object space 463360K, 59% used [0x00000000c0000000,0x00000000d0e95718,0x00000000dc480000)
 Metaspace       used 6593K, capacity 7320K, committed 7680K, reserved 1056768K
  class space    used 616K, capacity 656K, committed 768K, reserved 1048576K
Event: 14,356 GC heap after
Heap after GC invocations=19 (full 2):
 PSYoungGen      total 250880K, used 98297K [0x00000000eab00000, 0x0000000100000000, 0x0000000100000000)
  eden space 152576K, 0% used [0x00000000eab00000,0x00000000eab00000,0x00000000f4000000)
  from space 98304K, 99% used [0x00000000f4000000,0x00000000f9ffe658,0x00000000fa000000)
  to   space 98304K, 0% used [0x00000000fa000000,0x00000000fa000000,0x0000000100000000)
 ParOldGen       total 463360K, used 284837K [0x00000000c0000000, 0x00000000dc480000, 0x00000000eab00000)
  object space 463360K, 61% used [0x00000000c0000000,0x00000000d1629460,0x00000000dc480000)
 Metaspace       used 6593K, capacity 7320K, committed 7680K, reserved 1056768K
  class space    used 616K, capacity 656K, committed 768K, reserved 1048576K
}
Event: 14,720 GC heap before
{Heap before GC invocations=20 (full 2):
 PSYoungGen      total 250880K, used 250873K [0x00000000eab00000, 0x0000000100000000, 0x0000000100000000)
  eden space 152576K, 100% used [0x00000000eab00000,0x00000000f4000000,0x00000000f4000000)
  from space 98304K, 99% used [0x00000000f4000000,0x00000000f9ffe658,0x00000000fa000000)
  to   space 98304K, 0% used [0x00000000fa000000,0x00000000fa000000,0x0000000100000000)
 ParOldGen       total 463360K, used 284837K [0x00000000c0000000, 0x00000000dc480000, 0x00000000eab00000)
  object space 463360K, 61% used [0x00000000c0000000,0x00000000d1629460,0x00000000dc480000)
 Metaspace       used 6596K, capacity 7320K, committed 7680K, reserved 1056768K
  class space    used 616K, capacity 656K, committed 768K, reserved 1048576K
Event: 14,930 GC heap after
Heap after GC invocations=20 (full 2):
 PSYoungGen      total 215040K, used 71415K [0x00000000eab00000, 0x0000000100000000, 0x0000000100000000)
  eden space 116736K, 0% used [0x00000000eab00000,0x00000000eab00000,0x00000000f1d00000)
  from space 98304K, 72% used [0x00000000fa000000,0x00000000fe5bde90,0x0000000100000000)
  to   space 116224K, 0% used [0x00000000f1d00000,0x00000000f1d00000,0x00000000f8e80000)
 ParOldGen       total 463360K, used 337455K [0x00000000c0000000, 0x00000000dc480000, 0x00000000eab00000)
  object space 463360K, 72% used [0x00000000c0000000,0x00000000d498bfa0,0x00000000dc480000)
 Metaspace       used 6596K, capacity 7320K, committed 7680K, reserved 1056768K
  class space    used 616K, capacity 656K, committed 768K, reserved 1048576K
}
Event: 15,219 GC heap before
{Heap before GC invocations=21 (full 2):
 PSYoungGen      total 215040K, used 188151K [0x00000000eab00000, 0x0000000100000000, 0x0000000100000000)
  eden space 116736K, 100% used [0x00000000eab00000,0x00000000f1d00000,0x00000000f1d00000)
  from space 98304K, 72% used [0x00000000fa000000,0x00000000fe5bde90,0x0000000100000000)
  to   space 116224K, 0% used [0x00000000f1d00000,0x00000000f1d00000,0x00000000f8e80000)
 ParOldGen       total 463360K, used 337455K [0x00000000c0000000, 0x00000000dc480000, 0x00000000eab00000)
  object space 463360K, 72% used [0x00000000c0000000,0x00000000d498bfa0,0x00000000dc480000)
 Metaspace       used 6596K, capacity 7320K, committed 7680K, reserved 1056768K
  class space    used 616K, capacity 656K, committed 768K, reserved 1048576K
Event: 15,369 GC heap after
Heap after GC invocations=21 (full 2):
 PSYoungGen      total 232960K, used 44471K [0x00000000eab00000, 0x0000000100000000, 0x0000000100000000)
  eden space 116736K, 0% used [0x00000000eab00000,0x00000000eab00000,0x00000000f1d00000)
  from space 116224K, 38% used [0x00000000f1d00000,0x00000000f486dfb0,0x00000000f8e80000)
  to   space 112128K, 0% used [0x00000000f9280000,0x00000000f9280000,0x0000000100000000)
 ParOldGen       total 463360K, used 383552K [0x00000000c0000000, 0x00000000dc480000, 0x00000000eab00000)
  object space 463360K, 82% used [0x00000000c0000000,0x00000000d76903a0,0x00000000dc480000)
 Metaspace       used 6596K, capacity 7320K, committed 7680K, reserved 1056768K
  class space    used 616K, capacity 656K, committed 768K, reserved 1048576K
}
Event: 15,655 GC heap before
{Heap before GC invocations=22 (full 2):
 PSYoungGen      total 232960K, used 161207K [0x00000000eab00000, 0x0000000100000000, 0x0000000100000000)
  eden space 116736K, 100% used [0x00000000eab00000,0x00000000f1d00000,0x00000000f1d00000)
  from space 116224K, 38% used [0x00000000f1d00000,0x00000000f486dfb0,0x00000000f8e80000)
  to   space 112128K, 0% used [0x00000000f9280000,0x00000000f9280000,0x0000000100000000)
 ParOldGen       total 463360K, used 383552K [0x00000000c0000000, 0x00000000dc480000, 0x00000000eab00000)
  object space 463360K, 82% used [0x00000000c0000000,0x00000000d76903a0,0x00000000dc480000)
 Metaspace       used 6597K, capacity 7320K, committed 7680K, reserved 1056768K
  class space    used 616K, capacity 656K, committed 768K, reserved 1048576K
Event: 15,735 GC heap after
Heap after GC invocations=22 (full 2):
 PSYoungGen      total 227840K, used 20247K [0x00000000eab00000, 0x00000000ffb00000, 0x0000000100000000)
  eden space 120832K, 0% used [0x00000000eab00000,0x00000000eab00000,0x00000000f2100000)
  from space 107008K, 18% used [0x00000000f9280000,0x00000000fa645e90,0x00000000ffb00000)
  to   space 111616K, 0% used [0x00000000f2100000,0x00000000f2100000,0x00000000f8e00000)
 ParOldGen       total 463360K, used 427001K [0x00000000c0000000, 0x00000000dc480000, 0x00000000eab00000)
  object space 463360K, 92% used [0x00000000c0000000,0x00000000da0fe5b0,0x00000000dc480000)
 Metaspace       used 6597K, capacity 7320K, committed 7680K, reserved 1056768K
  class space    used 616K, capacity 656K, committed 768K, reserved 1048576K
}
Event: 15,735 GC heap before
{Heap before GC invocations=23 (full 3):
 PSYoungGen      total 227840K, used 20247K [0x00000000eab00000, 0x00000000ffb00000, 0x0000000100000000)
  eden space 120832K, 0% used [0x00000000eab00000,0x00000000eab00000,0x00000000f2100000)
  from space 107008K, 18% used [0x00000000f9280000,0x00000000fa645e90,0x00000000ffb00000)
  to   space 111616K, 0% used [0x00000000f2100000,0x00000000f2100000,0x00000000f8e00000)
 ParOldGen       total 463360K, used 427001K [0x00000000c0000000, 0x00000000dc480000, 0x00000000eab00000)
  object space 463360K, 92% used [0x00000000c0000000,0x00000000da0fe5b0,0x00000000dc480000)
 Metaspace       used 6597K, capacity 7320K, committed 7680K, reserved 1056768K
  class space    used 616K, capacity 656K, committed 768K, reserved 1048576K

