# JRE version: Java(TM) SE Runtime Environment (8.0_74-b02) (build 1.8.0_74-b02)
# Java VM: Java HotSpot(TM) 64-Bit Server VM (25.74-b02 mixed mode linux-amd64 compressed oops)
Heap:
 PSYoungGen      total 243200K, used 0K [0x00000000eab00000, 0x00000000ff680000, 0x0000000100000000)
  eden space 150528K, 0% used [0x00000000eab00000,0x00000000eab00000,0x00000000f3e00000)
  from space 92672K, 0% used [0x00000000f3e00000,0x00000000f3e00000,0x00000000f9880000)
  to   space 89088K, 0% used [0x00000000f9f80000,0x00000000f9f80000,0x00000000ff680000)
 ParOldGen       total 280064K, used 273689K [0x00000000c0000000, 0x00000000d1180000, 0x00000000eab00000)
  object space 280064K, 97% used [0x00000000c0000000,0x00000000d0b465a8,0x00000000d1180000)
 Metaspace       used 6594K, capacity 7320K, committed 7680K, reserved 1056768K
  class space    used 617K, capacity 656K, committed 768K, reserved 1048576K
GC Heap History (10 events):
Event: 23,312 GC heap after
Heap after GC invocations=10 (full 1):
 PSYoungGen      total 208384K, used 28139K [0x00000000eab00000, 0x0000000100000000, 0x0000000100000000)
  eden space 147456K, 0% used [0x00000000eab00000,0x00000000eab00000,0x00000000f3b00000)
  from space 60928K, 46% used [0x00000000f3b00000,0x00000000f567af28,0x00000000f7680000)
  to   space 102912K, 0% used [0x00000000f9b80000,0x00000000f9b80000,0x0000000100000000)
 ParOldGen       total 280064K, used 160994K [0x00000000c0000000, 0x00000000d1180000, 0x00000000eab00000)
  object space 280064K, 57% used [0x00000000c0000000,0x00000000c9d38840,0x00000000d1180000)
 Metaspace       used 6561K, capacity 7256K, committed 7424K, reserved 1056768K
  class space    used 616K, capacity 656K, committed 768K, reserved 1048576K
}
Event: 24,079 GC heap before
{Heap before GC invocations=11 (full 1):
 PSYoungGen      total 208384K, used 175595K [0x00000000eab00000, 0x0000000100000000, 0x0000000100000000)
  eden space 147456K, 100% used [0x00000000eab00000,0x00000000f3b00000,0x00000000f3b00000)
  from space 60928K, 46% used [0x00000000f3b00000,0x00000000f567af28,0x00000000f7680000)
  to   space 102912K, 0% used [0x00000000f9b80000,0x00000000f9b80000,0x0000000100000000)
 ParOldGen       total 280064K, used 160994K [0x00000000c0000000, 0x00000000d1180000, 0x00000000eab00000)
  object space 280064K, 57% used [0x00000000c0000000,0x00000000c9d38840,0x00000000d1180000)
 Metaspace       used 6567K, capacity 7320K, committed 7680K, reserved 1056768K
  class space    used 617K, capacity 656K, committed 768K, reserved 1048576K
Event: 24,234 GC heap after
Heap after GC invocations=11 (full 1):
 PSYoungGen      total 250880K, used 33664K [0x00000000eab00000, 0x0000000100000000, 0x0000000100000000)
  eden space 147968K, 0% used [0x00000000eab00000,0x00000000eab00000,0x00000000f3b80000)
  from space 102912K, 32% used [0x00000000f9b80000,0x00000000fbc60000,0x0000000100000000)
  to   space 98304K, 0% used [0x00000000f3b80000,0x00000000f3b80000,0x00000000f9b80000)
 ParOldGen       total 280064K, used 178519K [0x00000000c0000000, 0x00000000d1180000, 0x00000000eab00000)
  object space 280064K, 63% used [0x00000000c0000000,0x00000000cae55dd0,0x00000000d1180000)
 Metaspace       used 6567K, capacity 7320K, committed 7680K, reserved 1056768K
  class space    used 617K, capacity 656K, committed 768K, reserved 1048576K
}
Event: 24,826 GC heap before
{Heap before GC invocations=12 (full 1):
 PSYoungGen      total 250880K, used 181632K [0x00000000eab00000, 0x0000000100000000, 0x0000000100000000)
  eden space 147968K, 100% used [0x00000000eab00000,0x00000000f3b80000,0x00000000f3b80000)
  from space 102912K, 32% used [0x00000000f9b80000,0x00000000fbc60000,0x0000000100000000)
  to   space 98304K, 0% used [0x00000000f3b80000,0x00000000f3b80000,0x00000000f9b80000)
 ParOldGen       total 280064K, used 178519K [0x00000000c0000000, 0x00000000d1180000, 0x00000000eab00000)
  object space 280064K, 63% used [0x00000000c0000000,0x00000000cae55dd0,0x00000000d1180000)
 Metaspace       used 6577K, capacity 7320K, committed 7680K, reserved 1056768K
  class space    used 617K, capacity 656K, committed 768K, reserved 1048576K
Event: 24,977 GC heap after
Heap after GC invocations=12 (full 1):
 PSYoungGen      total 171520K, used 23140K [0x00000000eab00000, 0x00000000ff580000, 0x0000000100000000)
  eden space 147968K, 0% used [0x00000000eab00000,0x00000000eab00000,0x00000000f3b80000)
  from space 23552K, 98% used [0x00000000f3b80000,0x00000000f5219140,0x00000000f5280000)
  to   space 95232K, 0% used [0x00000000f9880000,0x00000000f9880000,0x00000000ff580000)
 ParOldGen       total 280064K, used 211302K [0x00000000c0000000, 0x00000000d1180000, 0x00000000eab00000)
  object space 280064K, 75% used [0x00000000c0000000,0x00000000cce59850,0x00000000d1180000)
 Metaspace       used 6577K, capacity 7320K, committed 7680K, reserved 1056768K
  class space    used 617K, capacity 656K, committed 768K, reserved 1048576K
}
Event: 25,676 GC heap before
{Heap before GC invocations=13 (full 1):
 PSYoungGen      total 171520K, used 171108K [0x00000000eab00000, 0x00000000ff580000, 0x0000000100000000)
  eden space 147968K, 100% used [0x00000000eab00000,0x00000000f3b80000,0x00000000f3b80000)
  from space 23552K, 98% used [0x00000000f3b80000,0x00000000f5219140,0x00000000f5280000)
  to   space 95232K, 0% used [0x00000000f9880000,0x00000000f9880000,0x00000000ff580000)
 ParOldGen       total 280064K, used 211302K [0x00000000c0000000, 0x00000000d1180000, 0x00000000eab00000)
  object space 280064K, 75% used [0x00000000c0000000,0x00000000cce59850,0x00000000d1180000)
 Metaspace       used 6581K, capacity 7320K, committed 7680K, reserved 1056768K
  class space    used 617K, capacity 656K, committed 768K, reserved 1048576K
Event: 25,802 GC heap after
Heap after GC invocations=13 (full 1):
 PSYoungGen      total 245760K, used 22675K [0x00000000eab00000, 0x0000000100000000, 0x0000000100000000)
  eden space 150528K, 0% used [0x00000000eab00000,0x00000000eab00000,0x00000000f3e00000)
  from space 95232K, 23% used [0x00000000f9880000,0x00000000faea4df8,0x00000000ff580000)
  to   space 92672K, 0% used [0x00000000f3e00000,0x00000000f3e00000,0x00000000f9880000)
 ParOldGen       total 280064K, used 233473K [0x00000000c0000000, 0x00000000d1180000, 0x00000000eab00000)
  object space 280064K, 83% used [0x00000000c0000000,0x00000000ce4004e8,0x00000000d1180000)
 Metaspace       used 6581K, capacity 7320K, committed 7680K, reserved 1056768K
  class space    used 617K, capacity 656K, committed 768K, reserved 1048576K
}
Event: 26,439 GC heap before
{Heap before GC invocations=14 (full 1):
 PSYoungGen      total 245760K, used 173203K [0x00000000eab00000, 0x0000000100000000, 0x0000000100000000)
  eden space 150528K, 100% used [0x00000000eab00000,0x00000000f3e00000,0x00000000f3e00000)
  from space 95232K, 23% used [0x00000000f9880000,0x00000000faea4df8,0x00000000ff580000)
  to   space 92672K, 0% used [0x00000000f3e00000,0x00000000f3e00000,0x00000000f9880000)
 ParOldGen       total 280064K, used 233473K [0x00000000c0000000, 0x00000000d1180000, 0x00000000eab00000)
  object space 280064K, 83% used [0x00000000c0000000,0x00000000ce4004e8,0x00000000d1180000)
 Metaspace       used 6594K, capacity 7320K, committed 7680K, reserved 1056768K
  class space    used 617K, capacity 656K, committed 768K, reserved 1048576K
Event: 26,546 GC heap after
Heap after GC invocations=14 (full 1):
 PSYoungGen      total 243200K, used 23797K [0x00000000eab00000, 0x00000000ff680000, 0x0000000100000000)
  eden space 150528K, 0% used [0x00000000eab00000,0x00000000eab00000,0x00000000f3e00000)
  from space 92672K, 25% used [0x00000000f3e00000,0x00000000f553d408,0x00000000f9880000)
  to   space 89088K, 0% used [0x00000000f9f80000,0x00000000f9f80000,0x00000000ff680000)
 ParOldGen       total 280064K, used 254944K [0x00000000c0000000, 0x00000000d1180000, 0x00000000eab00000)
  object space 280064K, 91% used [0x00000000c0000000,0x00000000cf8f81e0,0x00000000d1180000)
 Metaspace       used 6594K, capacity 7320K, committed 7680K, reserved 1056768K
  class space    used 617K, capacity 656K, committed 768K, reserved 1048576K
}
Event: 26,547 GC heap before
{Heap before GC invocations=15 (full 2):
 PSYoungGen      total 243200K, used 23797K [0x00000000eab00000, 0x00000000ff680000, 0x0000000100000000)
  eden space 150528K, 0% used [0x00000000eab00000,0x00000000eab00000,0x00000000f3e00000)
  from space 92672K, 25% used [0x00000000f3e00000,0x00000000f553d408,0x00000000f9880000)
  to   space 89088K, 0% used [0x00000000f9f80000,0x00000000f9f80000,0x00000000ff680000)
 ParOldGen       total 280064K, used 254944K [0x00000000c0000000, 0x00000000d1180000, 0x00000000eab00000)
  object space 280064K, 91% used [0x00000000c0000000,0x00000000cf8f81e0,0x00000000d1180000)
 Metaspace       used 6594K, capacity 7320K, committed 7680K, reserved 1056768K
  class space    used 617K, capacity 656K, committed 768K, reserved 1048576K

