# JRE version: Java(TM) SE Runtime Environment (8.0_72-b15) (build 1.8.0_72-b15)
# Java VM: Java HotSpot(TM) 64-Bit Server VM (25.72-b15 mixed mode linux-amd64 compressed oops)
Heap:
 PSYoungGen      total 247296K, used 0K [0x00000000eab00000, 0x00000000ff880000, 0x0000000100000000)
  eden space 155648K, 0% used [0x00000000eab00000,0x00000000eab00000,0x00000000f4300000)
  from space 91648K, 0% used [0x00000000f4300000,0x00000000f4300000,0x00000000f9c80000)
  to   space 88064K, 0% used [0x00000000fa280000,0x00000000fa280000,0x00000000ff880000)
 ParOldGen       total 483840K, used 476365K [0x00000000c0000000, 0x00000000dd880000, 0x00000000eab00000)
  object space 483840K, 98% used [0x00000000c0000000,0x00000000dd133458,0x00000000dd880000)
 Metaspace       used 6592K, capacity 7320K, committed 7680K, reserved 1056768K
  class space    used 615K, capacity 656K, committed 768K, reserved 1048576K
GC Heap History (10 events):
Event: 11,265 GC heap after
Heap after GC invocations=21 (full 2):
 PSYoungGen      total 239104K, used 22354K [0x00000000eab00000, 0x00000000ffa80000, 0x0000000100000000)
  eden space 135168K, 0% used [0x00000000eab00000,0x00000000eab00000,0x00000000f2f00000)
  from space 103936K, 21% used [0x00000000f2f00000,0x00000000f44d4968,0x00000000f9480000)
  to   space 101376K, 0% used [0x00000000f9780000,0x00000000f9780000,0x00000000ffa80000)
 ParOldGen       total 483840K, used 370372K [0x00000000c0000000, 0x00000000dd880000, 0x00000000eab00000)
  object space 483840K, 76% used [0x00000000c0000000,0x00000000d69b11a0,0x00000000dd880000)
 Metaspace       used 6586K, capacity 7320K, committed 7680K, reserved 1056768K
  class space    used 614K, capacity 656K, committed 768K, reserved 1048576K
}
Event: 11,451 GC heap before
{Heap before GC invocations=22 (full 2):
 PSYoungGen      total 239104K, used 157522K [0x00000000eab00000, 0x00000000ffa80000, 0x0000000100000000)
  eden space 135168K, 100% used [0x00000000eab00000,0x00000000f2f00000,0x00000000f2f00000)
  from space 103936K, 21% used [0x00000000f2f00000,0x00000000f44d4968,0x00000000f9480000)
  to   space 101376K, 0% used [0x00000000f9780000,0x00000000f9780000,0x00000000ffa80000)
 ParOldGen       total 483840K, used 370372K [0x00000000c0000000, 0x00000000dd880000, 0x00000000eab00000)
  object space 483840K, 76% used [0x00000000c0000000,0x00000000d69b11a0,0x00000000dd880000)
 Metaspace       used 6589K, capacity 7320K, committed 7680K, reserved 1056768K
  class space    used 614K, capacity 656K, committed 768K, reserved 1048576K
Event: 11,527 GC heap after
Heap after GC invocations=22 (full 2):
 PSYoungGen      total 242176K, used 21891K [0x00000000eab00000, 0x00000000ff780000, 0x0000000100000000)
  eden space 143872K, 0% used [0x00000000eab00000,0x00000000eab00000,0x00000000f3780000)
  from space 98304K, 22% used [0x00000000f9780000,0x00000000face0da0,0x00000000ff780000)
  to   space 98304K, 0% used [0x00000000f3780000,0x00000000f3780000,0x00000000f9780000)
 ParOldGen       total 483840K, used 391660K [0x00000000c0000000, 0x00000000dd880000, 0x00000000eab00000)
  object space 483840K, 80% used [0x00000000c0000000,0x00000000d7e7b258,0x00000000dd880000)
 Metaspace       used 6589K, capacity 7320K, committed 7680K, reserved 1056768K
  class space    used 614K, capacity 656K, committed 768K, reserved 1048576K
}
Event: 11,702 GC heap before
{Heap before GC invocations=23 (full 2):
 PSYoungGen      total 242176K, used 165763K [0x00000000eab00000, 0x00000000ff780000, 0x0000000100000000)
  eden space 143872K, 100% used [0x00000000eab00000,0x00000000f3780000,0x00000000f3780000)
  from space 98304K, 22% used [0x00000000f9780000,0x00000000face0da0,0x00000000ff780000)
  to   space 98304K, 0% used [0x00000000f3780000,0x00000000f3780000,0x00000000f9780000)
 ParOldGen       total 483840K, used 391660K [0x00000000c0000000, 0x00000000dd880000, 0x00000000eab00000)
  object space 483840K, 80% used [0x00000000c0000000,0x00000000d7e7b258,0x00000000dd880000)
 Metaspace       used 6590K, capacity 7320K, committed 7680K, reserved 1056768K
  class space    used 614K, capacity 656K, committed 768K, reserved 1048576K
Event: 11,755 GC heap after
Heap after GC invocations=23 (full 2):
 PSYoungGen      total 242176K, used 23772K [0x00000000eab00000, 0x00000000ff900000, 0x0000000100000000)
  eden space 143872K, 0% used [0x00000000eab00000,0x00000000eab00000,0x00000000f3780000)
  from space 98304K, 24% used [0x00000000f3780000,0x00000000f4eb70b0,0x00000000f9780000)
  to   space 94720K, 0% used [0x00000000f9c80000,0x00000000f9c80000,0x00000000ff900000)
 ParOldGen       total 483840K, used 412626K [0x00000000c0000000, 0x00000000dd880000, 0x00000000eab00000)
  object space 483840K, 85% used [0x00000000c0000000,0x00000000d92f4870,0x00000000dd880000)
 Metaspace       used 6590K, capacity 7320K, committed 7680K, reserved 1056768K
  class space    used 614K, capacity 656K, committed 768K, reserved 1048576K
}
Event: 11,951 GC heap before
{Heap before GC invocations=24 (full 2):
 PSYoungGen      total 242176K, used 167644K [0x00000000eab00000, 0x00000000ff900000, 0x0000000100000000)
  eden space 143872K, 100% used [0x00000000eab00000,0x00000000f3780000,0x00000000f3780000)
  from space 98304K, 24% used [0x00000000f3780000,0x00000000f4eb70b0,0x00000000f9780000)
  to   space 94720K, 0% used [0x00000000f9c80000,0x00000000f9c80000,0x00000000ff900000)
 ParOldGen       total 483840K, used 412626K [0x00000000c0000000, 0x00000000dd880000, 0x00000000eab00000)
  object space 483840K, 85% used [0x00000000c0000000,0x00000000d92f4870,0x00000000dd880000)
 Metaspace       used 6591K, capacity 7320K, committed 7680K, reserved 1056768K
  class space    used 615K, capacity 656K, committed 768K, reserved 1048576K
Event: 12,019 GC heap after
Heap after GC invocations=24 (full 2):
 PSYoungGen      total 247808K, used 23091K [0x00000000eab00000, 0x00000000ff680000, 0x0000000100000000)
  eden space 155648K, 0% used [0x00000000eab00000,0x00000000eab00000,0x00000000f4300000)
  from space 92160K, 25% used [0x00000000f9c80000,0x00000000fb30cd40,0x00000000ff680000)
  to   space 91648K, 0% used [0x00000000f4300000,0x00000000f4300000,0x00000000f9c80000)
 ParOldGen       total 483840K, used 435172K [0x00000000c0000000, 0x00000000dd880000, 0x00000000eab00000)
  object space 483840K, 89% used [0x00000000c0000000,0x00000000da8f9318,0x00000000dd880000)
 Metaspace       used 6591K, capacity 7320K, committed 7680K, reserved 1056768K
  class space    used 615K, capacity 656K, committed 768K, reserved 1048576K
}
Event: 12,267 GC heap before
{Heap before GC invocations=25 (full 2):
 PSYoungGen      total 247808K, used 178739K [0x00000000eab00000, 0x00000000ff680000, 0x0000000100000000)
  eden space 155648K, 100% used [0x00000000eab00000,0x00000000f4300000,0x00000000f4300000)
  from space 92160K, 25% used [0x00000000f9c80000,0x00000000fb30cd40,0x00000000ff680000)
  to   space 91648K, 0% used [0x00000000f4300000,0x00000000f4300000,0x00000000f9c80000)
 ParOldGen       total 483840K, used 435172K [0x00000000c0000000, 0x00000000dd880000, 0x00000000eab00000)
  object space 483840K, 89% used [0x00000000c0000000,0x00000000da8f9318,0x00000000dd880000)
 Metaspace       used 6592K, capacity 7320K, committed 7680K, reserved 1056768K
  class space    used 615K, capacity 656K, committed 768K, reserved 1048576K
Event: 12,319 GC heap after
Heap after GC invocations=25 (full 2):
 PSYoungGen      total 247296K, used 22966K [0x00000000eab00000, 0x00000000ff880000, 0x0000000100000000)
  eden space 155648K, 0% used [0x00000000eab00000,0x00000000eab00000,0x00000000f4300000)
  from space 91648K, 25% used [0x00000000f4300000,0x00000000f596da38,0x00000000f9c80000)
  to   space 88064K, 0% used [0x00000000fa280000,0x00000000fa280000,0x00000000ff880000)
 ParOldGen       total 483840K, used 456800K [0x00000000c0000000, 0x00000000dd880000, 0x00000000eab00000)
  object space 483840K, 94% used [0x00000000c0000000,0x00000000dbe18278,0x00000000dd880000)
 Metaspace       used 6592K, capacity 7320K, committed 7680K, reserved 1056768K
  class space    used 615K, capacity 656K, committed 768K, reserved 1048576K
}
Event: 12,319 GC heap before
{Heap before GC invocations=26 (full 3):
 PSYoungGen      total 247296K, used 22966K [0x00000000eab00000, 0x00000000ff880000, 0x0000000100000000)
  eden space 155648K, 0% used [0x00000000eab00000,0x00000000eab00000,0x00000000f4300000)
  from space 91648K, 25% used [0x00000000f4300000,0x00000000f596da38,0x00000000f9c80000)
  to   space 88064K, 0% used [0x00000000fa280000,0x00000000fa280000,0x00000000ff880000)
 ParOldGen       total 483840K, used 456800K [0x00000000c0000000, 0x00000000dd880000, 0x00000000eab00000)
  object space 483840K, 94% used [0x00000000c0000000,0x00000000dbe18278,0x00000000dd880000)
 Metaspace       used 6592K, capacity 7320K, committed 7680K, reserved 1056768K
  class space    used 615K, capacity 656K, committed 768K, reserved 1048576K

