# JRE version: Java(TM) SE Runtime Environment (8.0_72-b15) (build 1.8.0_72-b15)
# Java VM: Java HotSpot(TM) 64-Bit Server VM (25.72-b15 mixed mode linux-amd64 compressed oops)
Heap:
 PSYoungGen      total 249344K, used 0K [0x00000000eab00000, 0x00000000ffe80000, 0x0000000100000000)
  eden space 158208K, 0% used [0x00000000eab00000,0x00000000eab00000,0x00000000f4580000)
  from space 91136K, 0% used [0x00000000f4580000,0x00000000f4580000,0x00000000f9e80000)
  to   space 87552K, 0% used [0x00000000fa900000,0x00000000fa900000,0x00000000ffe80000)
 ParOldGen       total 267776K, used 264724K [0x00000000c0000000, 0x00000000d0580000, 0x00000000eab00000)
  object space 267776K, 98% used [0x00000000c0000000,0x00000000d0285388,0x00000000d0580000)
 Metaspace       used 6566K, capacity 7320K, committed 7680K, reserved 1056768K
  class space    used 615K, capacity 656K, committed 768K, reserved 1048576K
GC Heap History (10 events):
Event: 159,029 GC heap after
Heap after GC invocations=10 (full 1):
 PSYoungGen      total 247296K, used 20855K [0x00000000eab00000, 0x0000000100000000, 0x0000000100000000)
  eden space 145408K, 0% used [0x00000000eab00000,0x00000000eab00000,0x00000000f3900000)
  from space 101888K, 20% used [0x00000000f3900000,0x00000000f4d5de58,0x00000000f9c80000)
  to   space 101888K, 0% used [0x00000000f9c80000,0x00000000f9c80000,0x0000000100000000)
 ParOldGen       total 267776K, used 160923K [0x00000000c0000000, 0x00000000d0580000, 0x00000000eab00000)
  object space 267776K, 60% used [0x00000000c0000000,0x00000000c9d26c50,0x00000000d0580000)
 Metaspace       used 6526K, capacity 7256K, committed 7424K, reserved 1056768K
  class space    used 615K, capacity 656K, committed 768K, reserved 1048576K
}
Event: 159,406 GC heap before
{Heap before GC invocations=11 (full 1):
 PSYoungGen      total 247296K, used 166263K [0x00000000eab00000, 0x0000000100000000, 0x0000000100000000)
  eden space 145408K, 100% used [0x00000000eab00000,0x00000000f3900000,0x00000000f3900000)
  from space 101888K, 20% used [0x00000000f3900000,0x00000000f4d5de58,0x00000000f9c80000)
  to   space 101888K, 0% used [0x00000000f9c80000,0x00000000f9c80000,0x0000000100000000)
 ParOldGen       total 267776K, used 160923K [0x00000000c0000000, 0x00000000d0580000, 0x00000000eab00000)
  object space 267776K, 60% used [0x00000000c0000000,0x00000000c9d26c50,0x00000000d0580000)
 Metaspace       used 6543K, capacity 7256K, committed 7424K, reserved 1056768K
  class space    used 615K, capacity 656K, committed 768K, reserved 1048576K
Event: 159,498 GC heap after
Heap after GC invocations=11 (full 1):
 PSYoungGen      total 237056K, used 34432K [0x00000000eab00000, 0x00000000ff600000, 0x0000000100000000)
  eden space 145408K, 0% used [0x00000000eab00000,0x00000000eab00000,0x00000000f3900000)
  from space 91648K, 37% used [0x00000000f9c80000,0x00000000fbe20230,0x00000000ff600000)
  to   space 96768K, 0% used [0x00000000f3900000,0x00000000f3900000,0x00000000f9780000)
 ParOldGen       total 267776K, used 168318K [0x00000000c0000000, 0x00000000d0580000, 0x00000000eab00000)
  object space 267776K, 62% used [0x00000000c0000000,0x00000000ca45fa38,0x00000000d0580000)
 Metaspace       used 6543K, capacity 7256K, committed 7424K, reserved 1056768K
  class space    used 615K, capacity 656K, committed 768K, reserved 1048576K
}
Event: 159,939 GC heap before
{Heap before GC invocations=12 (full 1):
 PSYoungGen      total 237056K, used 179840K [0x00000000eab00000, 0x00000000ff600000, 0x0000000100000000)
  eden space 145408K, 100% used [0x00000000eab00000,0x00000000f3900000,0x00000000f3900000)
  from space 91648K, 37% used [0x00000000f9c80000,0x00000000fbe20230,0x00000000ff600000)
  to   space 96768K, 0% used [0x00000000f3900000,0x00000000f3900000,0x00000000f9780000)
 ParOldGen       total 267776K, used 168318K [0x00000000c0000000, 0x00000000d0580000, 0x00000000eab00000)
  object space 267776K, 62% used [0x00000000c0000000,0x00000000ca45fa38,0x00000000d0580000)
 Metaspace       used 6552K, capacity 7320K, committed 7680K, reserved 1056768K
  class space    used 615K, capacity 656K, committed 768K, reserved 1048576K
Event: 160,044 GC heap after
Heap after GC invocations=12 (full 1):
 PSYoungGen      total 242176K, used 21621K [0x00000000eab00000, 0x0000000100000000, 0x0000000100000000)
  eden space 145408K, 0% used [0x00000000eab00000,0x00000000eab00000,0x00000000f3900000)
  from space 96768K, 22% used [0x00000000f3900000,0x00000000f4e1d488,0x00000000f9780000)
  to   space 94208K, 0% used [0x00000000fa400000,0x00000000fa400000,0x0000000100000000)
 ParOldGen       total 267776K, used 201840K [0x00000000c0000000, 0x00000000d0580000, 0x00000000eab00000)
  object space 267776K, 75% used [0x00000000c0000000,0x00000000cc51c018,0x00000000d0580000)
 Metaspace       used 6552K, capacity 7320K, committed 7680K, reserved 1056768K
  class space    used 615K, capacity 656K, committed 768K, reserved 1048576K
}
Event: 160,443 GC heap before
{Heap before GC invocations=13 (full 1):
 PSYoungGen      total 242176K, used 167029K [0x00000000eab00000, 0x0000000100000000, 0x0000000100000000)
  eden space 145408K, 100% used [0x00000000eab00000,0x00000000f3900000,0x00000000f3900000)
  from space 96768K, 22% used [0x00000000f3900000,0x00000000f4e1d488,0x00000000f9780000)
  to   space 94208K, 0% used [0x00000000fa400000,0x00000000fa400000,0x0000000100000000)
 ParOldGen       total 267776K, used 201840K [0x00000000c0000000, 0x00000000d0580000, 0x00000000eab00000)
  object space 267776K, 75% used [0x00000000c0000000,0x00000000cc51c018,0x00000000d0580000)
 Metaspace       used 6565K, capacity 7320K, committed 7680K, reserved 1056768K
  class space    used 615K, capacity 656K, committed 768K, reserved 1048576K
Event: 160,576 GC heap after
Heap after GC invocations=13 (full 1):
 PSYoungGen      total 243712K, used 22245K [0x00000000eab00000, 0x00000000ff780000, 0x0000000100000000)
  eden space 158208K, 0% used [0x00000000eab00000,0x00000000eab00000,0x00000000f4580000)
  from space 85504K, 26% used [0x00000000fa400000,0x00000000fb9b9730,0x00000000ff780000)
  to   space 91136K, 0% used [0x00000000f4580000,0x00000000f4580000,0x00000000f9e80000)
 ParOldGen       total 267776K, used 222345K [0x00000000c0000000, 0x00000000d0580000, 0x00000000eab00000)
  object space 267776K, 83% used [0x00000000c0000000,0x00000000cd922710,0x00000000d0580000)
 Metaspace       used 6565K, capacity 7320K, committed 7680K, reserved 1056768K
  class space    used 615K, capacity 656K, committed 768K, reserved 1048576K
}
Event: 217,092 GC heap before
{Heap before GC invocations=14 (full 1):
 PSYoungGen      total 243712K, used 180453K [0x00000000eab00000, 0x00000000ff780000, 0x0000000100000000)
  eden space 158208K, 100% used [0x00000000eab00000,0x00000000f4580000,0x00000000f4580000)
  from space 85504K, 26% used [0x00000000fa400000,0x00000000fb9b9730,0x00000000ff780000)
  to   space 91136K, 0% used [0x00000000f4580000,0x00000000f4580000,0x00000000f9e80000)
 ParOldGen       total 267776K, used 222345K [0x00000000c0000000, 0x00000000d0580000, 0x00000000eab00000)
  object space 267776K, 83% used [0x00000000c0000000,0x00000000cd922710,0x00000000d0580000)
 Metaspace       used 6566K, capacity 7320K, committed 7680K, reserved 1056768K
  class space    used 615K, capacity 656K, committed 768K, reserved 1048576K
Event: 217,186 GC heap after
Heap after GC invocations=14 (full 1):
 PSYoungGen      total 249344K, used 24058K [0x00000000eab00000, 0x00000000ffe80000, 0x0000000100000000)
  eden space 158208K, 0% used [0x00000000eab00000,0x00000000eab00000,0x00000000f4580000)
  from space 91136K, 26% used [0x00000000f4580000,0x00000000f5cfe980,0x00000000f9e80000)
  to   space 87552K, 0% used [0x00000000fa900000,0x00000000fa900000,0x00000000ffe80000)
 ParOldGen       total 267776K, used 243731K [0x00000000c0000000, 0x00000000d0580000, 0x00000000eab00000)
  object space 267776K, 91% used [0x00000000c0000000,0x00000000cee04d88,0x00000000d0580000)
 Metaspace       used 6566K, capacity 7320K, committed 7680K, reserved 1056768K
  class space    used 615K, capacity 656K, committed 768K, reserved 1048576K
}
Event: 217,190 GC heap before
{Heap before GC invocations=15 (full 2):
 PSYoungGen      total 249344K, used 24058K [0x00000000eab00000, 0x00000000ffe80000, 0x0000000100000000)
  eden space 158208K, 0% used [0x00000000eab00000,0x00000000eab00000,0x00000000f4580000)
  from space 91136K, 26% used [0x00000000f4580000,0x00000000f5cfe980,0x00000000f9e80000)
  to   space 87552K, 0% used [0x00000000fa900000,0x00000000fa900000,0x00000000ffe80000)
 ParOldGen       total 267776K, used 243731K [0x00000000c0000000, 0x00000000d0580000, 0x00000000eab00000)
  object space 267776K, 91% used [0x00000000c0000000,0x00000000cee04d88,0x00000000d0580000)
 Metaspace       used 6566K, capacity 7320K, committed 7680K, reserved 1056768K
  class space    used 615K, capacity 656K, committed 768K, reserved 1048576K

