# JRE version: Java(TM) SE Runtime Environment (8.0_72-b15) (build 1.8.0_72-b15)
# Java VM: Java HotSpot(TM) 64-Bit Server VM (25.72-b15 mixed mode linux-amd64 compressed oops)
Heap:
 PSYoungGen      total 164864K, used 0K [0x00000000eab00000, 0x00000000ff780000, 0x0000000100000000)
  eden space 140800K, 0% used [0x00000000eab00000,0x00000000eab00000,0x00000000f3480000)
  from space 24064K, 0% used [0x00000000f3480000,0x00000000f3480000,0x00000000f4c00000)
  to   space 99840K, 0% used [0x00000000f9600000,0x00000000f9600000,0x00000000ff780000)
 ParOldGen       total 445952K, used 421596K [0x00000000c0000000, 0x00000000db380000, 0x00000000eab00000)
  object space 445952K, 94% used [0x00000000c0000000,0x00000000d9bb71a8,0x00000000db380000)
 Metaspace       used 6583K, capacity 7320K, committed 7680K, reserved 1056768K
  class space    used 615K, capacity 656K, committed 768K, reserved 1048576K
GC Heap History (10 events):
Event: 12,392 GC heap after
Heap after GC invocations=17 (full 2):
 PSYoungGen      total 256512K, used 52990K [0x00000000eab00000, 0x0000000100000000, 0x0000000100000000)
  eden space 173056K, 0% used [0x00000000eab00000,0x00000000eab00000,0x00000000f5400000)
  from space 83456K, 63% used [0x00000000f5400000,0x00000000f87bf8c8,0x00000000fa580000)
  to   space 84992K, 0% used [0x00000000fad00000,0x00000000fad00000,0x0000000100000000)
 ParOldGen       total 445952K, used 274070K [0x00000000c0000000, 0x00000000db380000, 0x00000000eab00000)
  object space 445952K, 61% used [0x00000000c0000000,0x00000000d0ba58a0,0x00000000db380000)
 Metaspace       used 6578K, capacity 7320K, committed 7680K, reserved 1056768K
  class space    used 615K, capacity 656K, committed 768K, reserved 1048576K
}
Event: 12,685 GC heap before
{Heap before GC invocations=18 (full 2):
 PSYoungGen      total 256512K, used 226046K [0x00000000eab00000, 0x0000000100000000, 0x0000000100000000)
  eden space 173056K, 100% used [0x00000000eab00000,0x00000000f5400000,0x00000000f5400000)
  from space 83456K, 63% used [0x00000000f5400000,0x00000000f87bf8c8,0x00000000fa580000)
  to   space 84992K, 0% used [0x00000000fad00000,0x00000000fad00000,0x0000000100000000)
 ParOldGen       total 445952K, used 274070K [0x00000000c0000000, 0x00000000db380000, 0x00000000eab00000)
  object space 445952K, 61% used [0x00000000c0000000,0x00000000d0ba58a0,0x00000000db380000)
 Metaspace       used 6579K, capacity 7320K, committed 7680K, reserved 1056768K
  class space    used 615K, capacity 656K, committed 768K, reserved 1048576K
Event: 12,776 GC heap after
Heap after GC invocations=18 (full 2):
 PSYoungGen      total 240640K, used 81082K [0x00000000eab00000, 0x0000000100000000, 0x0000000100000000)
  eden space 155648K, 0% used [0x00000000eab00000,0x00000000eab00000,0x00000000f4300000)
  from space 84992K, 95% used [0x00000000fad00000,0x00000000ffc2e9e0,0x0000000100000000)
  to   space 96768K, 0% used [0x00000000f4300000,0x00000000f4300000,0x00000000fa180000)
 ParOldGen       total 445952K, used 274070K [0x00000000c0000000, 0x00000000db380000, 0x00000000eab00000)
  object space 445952K, 61% used [0x00000000c0000000,0x00000000d0ba58a0,0x00000000db380000)
 Metaspace       used 6579K, capacity 7320K, committed 7680K, reserved 1056768K
  class space    used 615K, capacity 656K, committed 768K, reserved 1048576K
}
Event: 13,029 GC heap before
{Heap before GC invocations=19 (full 2):
 PSYoungGen      total 240640K, used 236730K [0x00000000eab00000, 0x0000000100000000, 0x0000000100000000)
  eden space 155648K, 100% used [0x00000000eab00000,0x00000000f4300000,0x00000000f4300000)
  from space 84992K, 95% used [0x00000000fad00000,0x00000000ffc2e9e0,0x0000000100000000)
  to   space 96768K, 0% used [0x00000000f4300000,0x00000000f4300000,0x00000000fa180000)
 ParOldGen       total 445952K, used 274070K [0x00000000c0000000, 0x00000000db380000, 0x00000000eab00000)
  object space 445952K, 61% used [0x00000000c0000000,0x00000000d0ba58a0,0x00000000db380000)
 Metaspace       used 6579K, capacity 7320K, committed 7680K, reserved 1056768K
  class space    used 615K, capacity 656K, committed 768K, reserved 1048576K
Event: 13,218 GC heap after
Heap after GC invocations=19 (full 2):
 PSYoungGen      total 237568K, used 81419K [0x00000000eab00000, 0x0000000100000000, 0x0000000100000000)
  eden space 155648K, 0% used [0x00000000eab00000,0x00000000eab00000,0x00000000f4300000)
  from space 81920K, 99% used [0x00000000f4300000,0x00000000f9282ea8,0x00000000f9300000)
  to   space 106496K, 0% used [0x00000000f9800000,0x00000000f9800000,0x0000000100000000)
 ParOldGen       total 445952K, used 297655K [0x00000000c0000000, 0x00000000db380000, 0x00000000eab00000)
  object space 445952K, 66% used [0x00000000c0000000,0x00000000d22addc0,0x00000000db380000)
 Metaspace       used 6579K, capacity 7320K, committed 7680K, reserved 1056768K
  class space    used 615K, capacity 656K, committed 768K, reserved 1048576K
}
Event: 13,481 GC heap before
{Heap before GC invocations=20 (full 2):
 PSYoungGen      total 237568K, used 237067K [0x00000000eab00000, 0x0000000100000000, 0x0000000100000000)
  eden space 155648K, 100% used [0x00000000eab00000,0x00000000f4300000,0x00000000f4300000)
  from space 81920K, 99% used [0x00000000f4300000,0x00000000f9282ea8,0x00000000f9300000)
  to   space 106496K, 0% used [0x00000000f9800000,0x00000000f9800000,0x0000000100000000)
 ParOldGen       total 445952K, used 297655K [0x00000000c0000000, 0x00000000db380000, 0x00000000eab00000)
  object space 445952K, 66% used [0x00000000c0000000,0x00000000d22addc0,0x00000000db380000)
 Metaspace       used 6582K, capacity 7320K, committed 7680K, reserved 1056768K
  class space    used 615K, capacity 656K, committed 768K, reserved 1048576K
Event: 13,592 GC heap after
Heap after GC invocations=20 (full 2):
 PSYoungGen      total 247296K, used 49511K [0x00000000eab00000, 0x0000000100000000, 0x0000000100000000)
  eden space 140800K, 0% used [0x00000000eab00000,0x00000000eab00000,0x00000000f3480000)
  from space 106496K, 46% used [0x00000000f9800000,0x00000000fc859d50,0x0000000100000000)
  to   space 101888K, 0% used [0x00000000f3480000,0x00000000f3480000,0x00000000f9800000)
 ParOldGen       total 445952K, used 353822K [0x00000000c0000000, 0x00000000db380000, 0x00000000eab00000)
  object space 445952K, 79% used [0x00000000c0000000,0x00000000d59879e8,0x00000000db380000)
 Metaspace       used 6582K, capacity 7320K, committed 7680K, reserved 1056768K
  class space    used 615K, capacity 656K, committed 768K, reserved 1048576K
}
Event: 13,790 GC heap before
{Heap before GC invocations=21 (full 2):
 PSYoungGen      total 247296K, used 190311K [0x00000000eab00000, 0x0000000100000000, 0x0000000100000000)
  eden space 140800K, 100% used [0x00000000eab00000,0x00000000f3480000,0x00000000f3480000)
  from space 106496K, 46% used [0x00000000f9800000,0x00000000fc859d50,0x0000000100000000)
  to   space 101888K, 0% used [0x00000000f3480000,0x00000000f3480000,0x00000000f9800000)
 ParOldGen       total 445952K, used 353822K [0x00000000c0000000, 0x00000000db380000, 0x00000000eab00000)
  object space 445952K, 79% used [0x00000000c0000000,0x00000000d59879e8,0x00000000db380000)
 Metaspace       used 6583K, capacity 7320K, committed 7680K, reserved 1056768K
  class space    used 615K, capacity 656K, committed 768K, reserved 1048576K
Event: 13,885 GC heap after
Heap after GC invocations=21 (full 2):
 PSYoungGen      total 164864K, used 23683K [0x00000000eab00000, 0x00000000ff780000, 0x0000000100000000)
  eden space 140800K, 0% used [0x00000000eab00000,0x00000000eab00000,0x00000000f3480000)
  from space 24064K, 98% used [0x00000000f3480000,0x00000000f4ba0fe8,0x00000000f4c00000)
  to   space 99840K, 0% used [0x00000000f9600000,0x00000000f9600000,0x00000000ff780000)
 ParOldGen       total 445952K, used 402317K [0x00000000c0000000, 0x00000000db380000, 0x00000000eab00000)
  object space 445952K, 90% used [0x00000000c0000000,0x00000000d88e3710,0x00000000db380000)
 Metaspace       used 6583K, capacity 7320K, committed 7680K, reserved 1056768K
  class space    used 615K, capacity 656K, committed 768K, reserved 1048576K
}
Event: 13,885 GC heap before
{Heap before GC invocations=22 (full 3):
 PSYoungGen      total 164864K, used 23683K [0x00000000eab00000, 0x00000000ff780000, 0x0000000100000000)
  eden space 140800K, 0% used [0x00000000eab00000,0x00000000eab00000,0x00000000f3480000)
  from space 24064K, 98% used [0x00000000f3480000,0x00000000f4ba0fe8,0x00000000f4c00000)
  to   space 99840K, 0% used [0x00000000f9600000,0x00000000f9600000,0x00000000ff780000)
 ParOldGen       total 445952K, used 402317K [0x00000000c0000000, 0x00000000db380000, 0x00000000eab00000)
  object space 445952K, 90% used [0x00000000c0000000,0x00000000d88e3710,0x00000000db380000)
 Metaspace       used 6583K, capacity 7320K, committed 7680K, reserved 1056768K
  class space    used 615K, capacity 656K, committed 768K, reserved 1048576K

