# JRE version: Java(TM) SE Runtime Environment (8.0_72-b15) (build 1.8.0_72-b15)
# Java VM: Java HotSpot(TM) 64-Bit Server VM (25.72-b15 mixed mode linux-amd64 compressed oops)
Heap:
 PSYoungGen      total 239104K, used 0K [0x00000000eab00000, 0x00000000ffb80000, 0x0000000100000000)
  eden space 142848K, 0% used [0x00000000eab00000,0x00000000eab00000,0x00000000f3680000)
  from space 96256K, 0% used [0x00000000f9d80000,0x00000000f9d80000,0x00000000ffb80000)
  to   space 100864K, 0% used [0x00000000f3680000,0x00000000f3680000,0x00000000f9900000)
 ParOldGen       total 477184K, used 456667K [0x00000000c0000000, 0x00000000dd200000, 0x00000000eab00000)
  object space 477184K, 95% used [0x00000000c0000000,0x00000000dbdf6e10,0x00000000dd200000)
 Metaspace       used 6585K, capacity 7320K, committed 7680K, reserved 1056768K
  class space    used 615K, capacity 656K, committed 768K, reserved 1048576K
GC Heap History (10 events):
Event: 10,364 GC heap after
Heap after GC invocations=18 (full 2):
 PSYoungGen      total 259072K, used 65194K [0x00000000eab00000, 0x0000000100000000, 0x0000000100000000)
  eden space 178176K, 0% used [0x00000000eab00000,0x00000000eab00000,0x00000000f5900000)
  from space 80896K, 80% used [0x00000000fae80000,0x00000000fee2aa70,0x00000000ffd80000)
  to   space 85504K, 0% used [0x00000000f5900000,0x00000000f5900000,0x00000000fac80000)
 ParOldGen       total 477184K, used 295587K [0x00000000c0000000, 0x00000000dd200000, 0x00000000eab00000)
  object space 477184K, 61% used [0x00000000c0000000,0x00000000d20a8dd0,0x00000000dd200000)
 Metaspace       used 6581K, capacity 7320K, committed 7680K, reserved 1056768K
  class space    used 615K, capacity 656K, committed 768K, reserved 1048576K
}
Event: 10,620 GC heap before
{Heap before GC invocations=19 (full 2):
 PSYoungGen      total 259072K, used 243370K [0x00000000eab00000, 0x0000000100000000, 0x0000000100000000)
  eden space 178176K, 100% used [0x00000000eab00000,0x00000000f5900000,0x00000000f5900000)
  from space 80896K, 80% used [0x00000000fae80000,0x00000000fee2aa70,0x00000000ffd80000)
  to   space 85504K, 0% used [0x00000000f5900000,0x00000000f5900000,0x00000000fac80000)
 ParOldGen       total 477184K, used 295587K [0x00000000c0000000, 0x00000000dd200000, 0x00000000eab00000)
  object space 477184K, 61% used [0x00000000c0000000,0x00000000d20a8dd0,0x00000000dd200000)
 Metaspace       used 6581K, capacity 7320K, committed 7680K, reserved 1056768K
  class space    used 615K, capacity 656K, committed 768K, reserved 1048576K
Event: 10,746 GC heap after
Heap after GC invocations=19 (full 2):
 PSYoungGen      total 263680K, used 85479K [0x00000000eab00000, 0x0000000100000000, 0x0000000100000000)
  eden space 178176K, 0% used [0x00000000eab00000,0x00000000eab00000,0x00000000f5900000)
  from space 85504K, 99% used [0x00000000f5900000,0x00000000fac79f18,0x00000000fac80000)
  to   space 85504K, 0% used [0x00000000fac80000,0x00000000fac80000,0x0000000100000000)
 ParOldGen       total 477184K, used 303222K [0x00000000c0000000, 0x00000000dd200000, 0x00000000eab00000)
  object space 477184K, 63% used [0x00000000c0000000,0x00000000d281d8a0,0x00000000dd200000)
 Metaspace       used 6581K, capacity 7320K, committed 7680K, reserved 1056768K
  class space    used 615K, capacity 656K, committed 768K, reserved 1048576K
}
Event: 11,080 GC heap before
{Heap before GC invocations=20 (full 2):
 PSYoungGen      total 263680K, used 263655K [0x00000000eab00000, 0x0000000100000000, 0x0000000100000000)
  eden space 178176K, 100% used [0x00000000eab00000,0x00000000f5900000,0x00000000f5900000)
  from space 85504K, 99% used [0x00000000f5900000,0x00000000fac79f18,0x00000000fac80000)
  to   space 85504K, 0% used [0x00000000fac80000,0x00000000fac80000,0x0000000100000000)
 ParOldGen       total 477184K, used 303222K [0x00000000c0000000, 0x00000000dd200000, 0x00000000eab00000)
  object space 477184K, 63% used [0x00000000c0000000,0x00000000d281d8a0,0x00000000dd200000)
 Metaspace       used 6584K, capacity 7320K, committed 7680K, reserved 1056768K
  class space    used 615K, capacity 656K, committed 768K, reserved 1048576K
Event: 11,268 GC heap after
Heap after GC invocations=20 (full 2):
 PSYoungGen      total 223744K, used 79799K [0x00000000eab00000, 0x0000000100000000, 0x0000000100000000)
  eden space 138240K, 0% used [0x00000000eab00000,0x00000000eab00000,0x00000000f3200000)
  from space 85504K, 93% used [0x00000000fac80000,0x00000000ffa6dc40,0x0000000100000000)
  to   space 105472K, 0% used [0x00000000f3200000,0x00000000f3200000,0x00000000f9900000)
 ParOldGen       total 477184K, used 338472K [0x00000000c0000000, 0x00000000dd200000, 0x00000000eab00000)
  object space 477184K, 70% used [0x00000000c0000000,0x00000000d4a8a098,0x00000000dd200000)
 Metaspace       used 6584K, capacity 7320K, committed 7680K, reserved 1056768K
  class space    used 615K, capacity 656K, committed 768K, reserved 1048576K
}
Event: 11,473 GC heap before
{Heap before GC invocations=21 (full 2):
 PSYoungGen      total 223744K, used 218039K [0x00000000eab00000, 0x0000000100000000, 0x0000000100000000)
  eden space 138240K, 100% used [0x00000000eab00000,0x00000000f3200000,0x00000000f3200000)
  from space 85504K, 93% used [0x00000000fac80000,0x00000000ffa6dc40,0x0000000100000000)
  to   space 105472K, 0% used [0x00000000f3200000,0x00000000f3200000,0x00000000f9900000)
 ParOldGen       total 477184K, used 338472K [0x00000000c0000000, 0x00000000dd200000, 0x00000000eab00000)
  object space 477184K, 70% used [0x00000000c0000000,0x00000000d4a8a098,0x00000000dd200000)
 Metaspace       used 6585K, capacity 7320K, committed 7680K, reserved 1056768K
  class space    used 615K, capacity 656K, committed 768K, reserved 1048576K
Event: 11,585 GC heap after
Heap after GC invocations=21 (full 2):
 PSYoungGen      total 243712K, used 51356K [0x00000000eab00000, 0x0000000100000000, 0x0000000100000000)
  eden space 138240K, 0% used [0x00000000eab00000,0x00000000eab00000,0x00000000f3200000)
  from space 105472K, 48% used [0x00000000f3200000,0x00000000f6427070,0x00000000f9900000)
  to   space 100864K, 0% used [0x00000000f9d80000,0x00000000f9d80000,0x0000000100000000)
 ParOldGen       total 477184K, used 389078K [0x00000000c0000000, 0x00000000dd200000, 0x00000000eab00000)
  object space 477184K, 81% used [0x00000000c0000000,0x00000000d7bf5940,0x00000000dd200000)
 Metaspace       used 6585K, capacity 7320K, committed 7680K, reserved 1056768K
  class space    used 615K, capacity 656K, committed 768K, reserved 1048576K
}
Event: 11,800 GC heap before
{Heap before GC invocations=22 (full 2):
 PSYoungGen      total 243712K, used 189596K [0x00000000eab00000, 0x0000000100000000, 0x0000000100000000)
  eden space 138240K, 100% used [0x00000000eab00000,0x00000000f3200000,0x00000000f3200000)
  from space 105472K, 48% used [0x00000000f3200000,0x00000000f6427070,0x00000000f9900000)
  to   space 100864K, 0% used [0x00000000f9d80000,0x00000000f9d80000,0x0000000100000000)
 ParOldGen       total 477184K, used 389078K [0x00000000c0000000, 0x00000000dd200000, 0x00000000eab00000)
  object space 477184K, 81% used [0x00000000c0000000,0x00000000d7bf5940,0x00000000dd200000)
 Metaspace       used 6585K, capacity 7320K, committed 7680K, reserved 1056768K
  class space    used 615K, capacity 656K, committed 768K, reserved 1048576K
Event: 11,886 GC heap after
Heap after GC invocations=22 (full 2):
 PSYoungGen      total 239104K, used 21867K [0x00000000eab00000, 0x00000000ffb80000, 0x0000000100000000)
  eden space 142848K, 0% used [0x00000000eab00000,0x00000000eab00000,0x00000000f3680000)
  from space 96256K, 22% used [0x00000000f9d80000,0x00000000fb2daf70,0x00000000ffb80000)
  to   space 100864K, 0% used [0x00000000f3680000,0x00000000f3680000,0x00000000f9900000)
 ParOldGen       total 477184K, used 439349K [0x00000000c0000000, 0x00000000dd200000, 0x00000000eab00000)
  object space 477184K, 92% used [0x00000000c0000000,0x00000000dad0d410,0x00000000dd200000)
 Metaspace       used 6585K, capacity 7320K, committed 7680K, reserved 1056768K
  class space    used 615K, capacity 656K, committed 768K, reserved 1048576K
}
Event: 11,886 GC heap before
{Heap before GC invocations=23 (full 3):
 PSYoungGen      total 239104K, used 21867K [0x00000000eab00000, 0x00000000ffb80000, 0x0000000100000000)
  eden space 142848K, 0% used [0x00000000eab00000,0x00000000eab00000,0x00000000f3680000)
  from space 96256K, 22% used [0x00000000f9d80000,0x00000000fb2daf70,0x00000000ffb80000)
  to   space 100864K, 0% used [0x00000000f3680000,0x00000000f3680000,0x00000000f9900000)
 ParOldGen       total 477184K, used 439349K [0x00000000c0000000, 0x00000000dd200000, 0x00000000eab00000)
  object space 477184K, 92% used [0x00000000c0000000,0x00000000dad0d410,0x00000000dd200000)
 Metaspace       used 6585K, capacity 7320K, committed 7680K, reserved 1056768K
  class space    used 615K, capacity 656K, committed 768K, reserved 1048576K

