# JRE version: Java(TM) SE Runtime Environment (8.0_74-b02) (build 1.8.0_74-b02)
# Java VM: Java HotSpot(TM) 64-Bit Server VM (25.74-b02 mixed mode linux-amd64 compressed oops)
Heap:
 PSYoungGen      total 253440K, used 9697K [0x00000000eab00000, 0x00000000fac00000, 0x0000000100000000)
  eden space 243712K, 0% used [0x00000000eab00000,0x00000000eab00000,0x00000000f9900000)
  from space 9728K, 99% used [0x00000000f9900000,0x00000000fa278788,0x00000000fa280000)
  to   space 9728K, 0% used [0x00000000fa280000,0x00000000fa280000,0x00000000fac00000)
 ParOldGen       total 161280K, used 67181K [0x00000000c0000000, 0x00000000c9d80000, 0x00000000eab00000)
  object space 161280K, 41% used [0x00000000c0000000,0x00000000c419b5d8,0x00000000c9d80000)
 Metaspace       used 6448K, capacity 7256K, committed 7424K, reserved 1056768K
  class space    used 614K, capacity 656K, committed 768K, reserved 1048576K
GC Heap History (9 events):
Event: 0,338 GC heap before
{Heap before GC invocations=1 (full 0):
 PSYoungGen      total 70656K, used 60928K [0x00000000eab00000, 0x00000000ef980000, 0x0000000100000000)
  eden space 60928K, 100% used [0x00000000eab00000,0x00000000ee680000,0x00000000ee680000)
  from space 9728K, 0% used [0x00000000ef000000,0x00000000ef000000,0x00000000ef980000)
  to   space 9728K, 0% used [0x00000000ee680000,0x00000000ee680000,0x00000000ef000000)
 ParOldGen       total 161280K, used 0K [0x00000000c0000000, 0x00000000c9d80000, 0x00000000eab00000)
  object space 161280K, 0% used [0x00000000c0000000,0x00000000c0000000,0x00000000c9d80000)
 Metaspace       used 3342K, capacity 4720K, committed 4864K, reserved 1056768K
  class space    used 358K, capacity 424K, committed 512K, reserved 1048576K
Event: 0,351 GC heap after
Heap after GC invocations=1 (full 0):
 PSYoungGen      total 70656K, used 2306K [0x00000000eab00000, 0x00000000f3500000, 0x0000000100000000)
  eden space 60928K, 0% used [0x00000000eab00000,0x00000000eab00000,0x00000000ee680000)
  from space 9728K, 23% used [0x00000000ee680000,0x00000000ee8c0900,0x00000000ef000000)
  to   space 9728K, 0% used [0x00000000f2b80000,0x00000000f2b80000,0x00000000f3500000)
 ParOldGen       total 161280K, used 8K [0x00000000c0000000, 0x00000000c9d80000, 0x00000000eab00000)
  object space 161280K, 0% used [0x00000000c0000000,0x00000000c0002000,0x00000000c9d80000)
 Metaspace       used 3342K, capacity 4720K, committed 4864K, reserved 1056768K
  class space    used 358K, capacity 424K, committed 512K, reserved 1048576K
}
Event: 0,807 GC heap before
{Heap before GC invocations=2 (full 0):
 PSYoungGen      total 70656K, used 63234K [0x00000000eab00000, 0x00000000f3500000, 0x0000000100000000)
  eden space 60928K, 100% used [0x00000000eab00000,0x00000000ee680000,0x00000000ee680000)
  from space 9728K, 23% used [0x00000000ee680000,0x00000000ee8c0900,0x00000000ef000000)
  to   space 9728K, 0% used [0x00000000f2b80000,0x00000000f2b80000,0x00000000f3500000)
 ParOldGen       total 161280K, used 8K [0x00000000c0000000, 0x00000000c9d80000, 0x00000000eab00000)
  object space 161280K, 0% used [0x00000000c0000000,0x00000000c0002000,0x00000000c9d80000)
 Metaspace       used 5733K, capacity 6704K, committed 6784K, reserved 1056768K
  class space    used 589K, capacity 616K, committed 640K, reserved 1048576K
Event: 0,826 GC heap after
Heap after GC invocations=2 (full 0):
 PSYoungGen      total 131584K, used 6868K [0x00000000eab00000, 0x00000000f3500000, 0x0000000100000000)
  eden space 121856K, 0% used [0x00000000eab00000,0x00000000eab00000,0x00000000f2200000)
  from space 9728K, 70% used [0x00000000f2b80000,0x00000000f32352a0,0x00000000f3500000)
  to   space 9728K, 0% used [0x00000000f2200000,0x00000000f2200000,0x00000000f2b80000)
 ParOldGen       total 161280K, used 16K [0x00000000c0000000, 0x00000000c9d80000, 0x00000000eab00000)
  object space 161280K, 0% used [0x00000000c0000000,0x00000000c0004000,0x00000000c9d80000)
 Metaspace       used 5733K, capacity 6704K, committed 6784K, reserved 1056768K
  class space    used 589K, capacity 616K, committed 640K, reserved 1048576K
}
Event: 2,172 GC heap before
{Heap before GC invocations=3 (full 0):
 PSYoungGen      total 131584K, used 128724K [0x00000000eab00000, 0x00000000f3500000, 0x0000000100000000)
  eden space 121856K, 100% used [0x00000000eab00000,0x00000000f2200000,0x00000000f2200000)
  from space 9728K, 70% used [0x00000000f2b80000,0x00000000f32352a0,0x00000000f3500000)
  to   space 9728K, 0% used [0x00000000f2200000,0x00000000f2200000,0x00000000f2b80000)
 ParOldGen       total 161280K, used 16K [0x00000000c0000000, 0x00000000c9d80000, 0x00000000eab00000)
  object space 161280K, 0% used [0x00000000c0000000,0x00000000c0004000,0x00000000c9d80000)
 Metaspace       used 6004K, capacity 6960K, committed 7040K, reserved 1056768K
  class space    used 594K, capacity 616K, committed 640K, reserved 1048576K
Event: 2,230 GC heap after
Heap after GC invocations=3 (full 0):
 PSYoungGen      total 131584K, used 9715K [0x00000000eab00000, 0x00000000fac00000, 0x0000000100000000)
  eden space 121856K, 0% used [0x00000000eab00000,0x00000000eab00000,0x00000000f2200000)
  from space 9728K, 99% used [0x00000000f2200000,0x00000000f2b7cf30,0x00000000f2b80000)
  to   space 9728K, 0% used [0x00000000fa280000,0x00000000fa280000,0x00000000fac00000)
 ParOldGen       total 161280K, used 12869K [0x00000000c0000000, 0x00000000c9d80000, 0x00000000eab00000)
  object space 161280K, 7% used [0x00000000c0000000,0x00000000c0c91480,0x00000000c9d80000)
 Metaspace       used 6004K, capacity 6960K, committed 7040K, reserved 1056768K
  class space    used 594K, capacity 616K, committed 640K, reserved 1048576K
}
Event: 2,693 GC heap before
{Heap before GC invocations=4 (full 0):
 PSYoungGen      total 131584K, used 131571K [0x00000000eab00000, 0x00000000fac00000, 0x0000000100000000)
  eden space 121856K, 100% used [0x00000000eab00000,0x00000000f2200000,0x00000000f2200000)
  from space 9728K, 99% used [0x00000000f2200000,0x00000000f2b7cf30,0x00000000f2b80000)
  to   space 9728K, 0% used [0x00000000fa280000,0x00000000fa280000,0x00000000fac00000)
 ParOldGen       total 161280K, used 12869K [0x00000000c0000000, 0x00000000c9d80000, 0x00000000eab00000)
  object space 161280K, 7% used [0x00000000c0000000,0x00000000c0c91480,0x00000000c9d80000)
 Metaspace       used 6064K, capacity 7024K, committed 7296K, reserved 1056768K
  class space    used 594K, capacity 616K, committed 640K, reserved 1048576K
Event: 2,780 GC heap after
Heap after GC invocations=4 (full 0):
 PSYoungGen      total 253440K, used 9710K [0x00000000eab00000, 0x00000000fac00000, 0x0000000100000000)
  eden space 243712K, 0% used [0x00000000eab00000,0x00000000eab00000,0x00000000f9900000)
  from space 9728K, 99% used [0x00000000fa280000,0x00000000fabfb960,0x00000000fac00000)
  to   space 9728K, 0% used [0x00000000f9900000,0x00000000f9900000,0x00000000fa280000)
 ParOldGen       total 161280K, used 31062K [0x00000000c0000000, 0x00000000c9d80000, 0x00000000eab00000)
  object space 161280K, 19% used [0x00000000c0000000,0x00000000c1e55988,0x00000000c9d80000)
 Metaspace       used 6064K, capacity 7024K, committed 7296K, reserved 1056768K
  class space    used 594K, capacity 616K, committed 640K, reserved 1048576K
}
Event: 4,088 GC heap before
{Heap before GC invocations=5 (full 0):
 PSYoungGen      total 253440K, used 253422K [0x00000000eab00000, 0x00000000fac00000, 0x0000000100000000)
  eden space 243712K, 100% used [0x00000000eab00000,0x00000000f9900000,0x00000000f9900000)
  from space 9728K, 99% used [0x00000000fa280000,0x00000000fabfb960,0x00000000fac00000)
  to   space 9728K, 0% used [0x00000000f9900000,0x00000000f9900000,0x00000000fa280000)
 ParOldGen       total 161280K, used 31062K [0x00000000c0000000, 0x00000000c9d80000, 0x00000000eab00000)
  object space 161280K, 19% used [0x00000000c0000000,0x00000000c1e55988,0x00000000c9d80000)
 Metaspace       used 6448K, capacity 7256K, committed 7424K, reserved 1056768K
  class space    used 614K, capacity 656K, committed 768K, reserved 1048576K

